#
# A fatal error has been detected by the Java Runtime Environment:
#
#  EXCEPTION_ACCESS_VIOLATION (0xc0000005) at pc=0x00007ffe8a66c5c1, pid=17252, tid=2440
#
# JRE version: OpenJDK Runtime Environment Temurin-21.0.8+9 (21.0.8+9) (build 21.0.8+9-LTS)
# Java VM: OpenJDK 64-Bit Server VM Temurin-21.0.8+9 (21.0.8+9-LTS, mixed mode, tiered, compressed oops, compressed class ptrs, g1 gc, windows-amd64)
# Problematic frame:
# V  [jvm.dll+0xc5c1]
#
# No core dump will be written. Minidumps are not enabled by default on client versions of Windows
#
# If you would like to submit a bug report, please visit:
#   https://github.com/adoptium/adoptium-support/issues
#

---------------  S U M M A R Y ------------

Command Line: -Djavax.net.ssl.trustStoreType=WINDOWS-ROOT -Dsun.java2d.d3d=false --add-exports=java.desktop/sun.awt=ALL-UNNAMED --add-opens=java.desktop/java.awt=ALL-UNNAMED -Dfile.encoding=UTF8 com.st.microxplorer.maingui.STM32CubeMX C:\Users\makabaka\Desktop\Head_limit\Head_limit.ioc

Host: Intel(R) Core(TM) i5-8250U CPU @ 1.60GHz, 8 cores, 15G,  Windows 10 , 64 bit Build 19041 (10.0.19041.5915)
Time: Tue Apr 28 14:39:39 2026 elapsed time: 15928.708694 seconds (0d 4h 25m 28s)

---------------  T H R E A D  ---------------

Current thread (0x0000020bc16e16c0):  WorkerThread "G1 Conc#1"      [id=2440, stack(0x000000b251200000,0x000000b251300000) (1024K)]

Stack: [0x000000b251200000,0x000000b251300000],  sp=0x000000b2512ff598,  free space=1021k
Native frames: (J=compiled Java code, j=interpreted, Vv=VM code, C=native code)
V  [jvm.dll+0xc5c1]


siginfo: EXCEPTION_ACCESS_VIOLATION (0xc0000005), reading address 0x0000000000000100


Registers:
RAX=0x0000000000000000, RBX=0x0000020b9cd83b01, RCX=0x0000000800000029, RDX=0x000000070d316568
RSP=0x000000b2512ff598, RBP=0x0000000000000001, RSI=0x0000020b9cdda320, RDI=0x000000070d316568
R8 =0x0000000800000029, R9 =0x0000000000000000, R10=0x0000020b9cd85160, R11=0x0000000000000003
R12=0x0000000000000000, R13=0xaaaaaaaaaaaaaaab, R14=0x0000000800530c48, R15=0x000000070d314498
RIP=0x00007ffe8a66c5c1, EFLAGS=0x0000000000010246

XMM[0]=0x0000000000000000 0x0000000000000000
XMM[1]=0x0000000000000000 0x0000000000000000
XMM[2]=0x0000000000000000 0x0000000000000000
XMM[3]=0x0000000000000000 0x0000000000000000
XMM[4]=0x0000000000000000 0x0000000000000000
XMM[5]=0x0000000000000000 0x0000000000000000
XMM[6]=0x0000000000000000 0x3feb088132465950
XMM[7]=0x0000000000000000 0x408f400000000000
XMM[8]=0x0000000000000000 0x0000000000000000
XMM[9]=0x0000000000000000 0x0000000000000000
XMM[10]=0x0000000000000000 0x0000000000000000
XMM[11]=0x0000000000000000 0x0000000000000000
XMM[12]=0x0000000000000000 0x0000000000000000
XMM[13]=0x0000000000000000 0x0000000000000000
XMM[14]=0x0000000000000000 0x0000000000000000
XMM[15]=0x0000000000000000 0x0000000000000000
  MXCSR=0x00001fa0


Register to memory mapping:

RAX=0x0 is null
RBX=0x0000020b9cd83b01 points into unknown readable memory: d5 80 36 e8 b7 48 40
RCX=0x0000000800000029 is pointing into metadata
RDX=0x000000070d316568 is pointing into object: java.lang.String 
{0x000000070d316558} - klass: 'java/lang/String'
 - string: "SUB='UX Device CoreStack'"
 - ---- fields (total size 3 words):
 - private 'hash' 'I' @12  0 (0x00000000)
 - private final 'coder' 'B' @16  0 (0x00)
 - private 'hashIsZero' 'Z' @17  false (0x00)
 - injected 'flags' 'B' @18  0 (0x00)
 - private final 'value' '[B' @20  [B{0x000000070d316570} (0xe1a62cae)
RSP=0x000000b2512ff598 points into unknown readable memory: 0x00007ffe8a97ca5a | 5a ca 97 8a fe 7f 00 00
RBP=0x0000000000000001 is an unknown value
RSI=0x0000020b9cdda320 points into unknown readable memory: 0x0000020b9cdeac40 | 40 ac de 9c 0b 02 00 00
RDI=0x000000070d316568 is pointing into object: java.lang.String 
{0x000000070d316558} - klass: 'java/lang/String'
 - string: "SUB='UX Device CoreStack'"
 - ---- fields (total size 3 words):
 - private 'hash' 'I' @12  0 (0x00000000)
 - private final 'coder' 'B' @16  0 (0x00)
 - private 'hashIsZero' 'Z' @17  false (0x00)
 - injected 'flags' 'B' @18  0 (0x00)
 - private final 'value' '[B' @20  [B{0x000000070d316570} (0xe1a62cae)
R8 =0x0000000800000029 is pointing into metadata
R9 =0x0 is null
R10=0x0000020b9cd85160 points into unknown readable memory: 0x00007ffe8b08ad50 | 50 ad 08 8b fe 7f 00 00
R11=0x0000000000000003 is an unknown value
R12=0x0 is null
R13=0xaaaaaaaaaaaaaaab is an unknown value
R14=0x0000000800530c48 is a pointer to class: 
com.st.microxplorer.plugins.thirdparty.db.solver.getter.component.ComponentAttributeGetter {0x0000000800530c50}
 - instance size:     2
 - klass size:        64
 - access:            public interface abstract 
 - flags:             rewritten should_verify_class has_localvariable_table 
 - state:             fully_initialized
 - name:              'com/st/microxplorer/plugins/thirdparty/db/solver/getter/component/ComponentAttributeGetter'
 - super:             'java/lang/Object'
 - sub:               
 - nof implementors:  2
 - arrays:            null
 - methods:           Array<T>(0x0000020bbfa13428)
 - method ordering:   Array<T>(0x0000020bbd000018)
 - local interfaces:  Array<T>(0x0000020bbd000058)
 - trans. interfaces: Array<T>(0x0000020bbd000058)
 - secondary supers: Array<T>(0x0000020bbd000048)
 - hash_slot:         35
 - bitmap:            0x0000000000000000
 - constants:         constant pool [58] {0x0000020bbfa131b0} for 'com/st/microxplorer/plugins/thirdparty/db/solver/getter/component/ComponentAttributeGetter' cache=0x0000020bbfa13658
 - class loader data:  loader data: 0x0000020bc27dce00 for instance a 'java/net/URLClassLoader'{0x00000007038002c8}
 - source file:       'ComponentAttributeGetter.java'
 - inner classes:     Array<T>(0x0000020bbfa13610)
 - nest members:     Array<T>(0x0000020bbfa13628)
 - permitted subclasses:     Array<T>(0x0000020bbd000028)
 - java mirror:       a 'java/lang/Class'{0x00000007047f9658} = 'com/st/microxplorer/plugins/thirdparty/db/solver/getter/component/ComponentAttributeGetter'
 - vtable length      5  (start addr: 0x0000000800530e18)
 - itable length      0 (start addr: 0x0000000800530e40)
 - ---- static fields (0 words):
 - ---- non-static fields (0 words):
 - non-static oop maps: 
R15=0x000000070d314498 is an oop: com.st.microxplorer.plugins.thirdparty.db.solver.matcher.ComponentMatcher 
{0x000000070d314498} - klass: 'com/st/microxplorer/plugins/thirdparty/db/solver/matcher/ComponentMatcher'
 - ---- fields (total size 5 words):
 - private final 'debugString' 'Ljava/lang/String;' @12  "VERSION='4.1.0'"{0x000000070d3144c0} (0xe1a62898)
 - private final 'htmlString' 'Ljava/lang/String;' @16  "version <b>4.1.0</b>"{0x000000070d3144f8} (0xe1a6289f)
 - private final 'value' 'Ljava/lang/String;' @20  "4.1.0"{0x000000070d314538} (0xe1a628a7)
 - private final 'matcher' 'Lcom/st/microxplorer/plugins/thirdparty/db/solver/matcher/ValueMatcher;' @24  
[error occurred during error reporting (printing register info), id 0xc0000005, EXCEPTION_ACCESS_VIOLATION (0xc0000005) at pc=0x00007ffe8ad1d336]

Top of Stack: (sp=0x000000b2512ff598)
0x000000b2512ff598:   00007ffe8a97ca5a 000000000042c1d8
0x000000b2512ff5a8:   00007ffe8a97ca5a 00000258aefd44ad
0x000000b2512ff5b8:   000000b2512ff770 000000070d316568
0x000000b2512ff5c8:   00007ffe8a97c82f 0000020b9cd83b90
0x000000b2512ff5d8:   000000b2512ff770 0000000800530c40
0x000000b2512ff5e8:   000000b2512ff770 000000070d3144bc
0x000000b2512ff5f8:   00007ffe8a97a1ed 000000070d3144b0
0x000000b2512ff608:   00007ffe8a97a92d 000000070d313478
0x000000b2512ff618:   00007ffe8a979e32 000000b2512ff730
0x000000b2512ff628:   0000000000000001 000000070d314498
0x000000b2512ff638:   00007ffe8a979e32 00000008005309f0
0x000000b2512ff648:   0000000000000005 000000b2512ff770
0x000000b2512ff658:   0000000000000000 0000020b9cd83b90
0x000000b2512ff668:   00007ffe8a9997f0 000000070d314498
0x000000b2512ff678:   0000020b9cdda330 000000b2512ff730
0x000000b2512ff688:   0000020b9cdda330 000000070d314498
0x000000b2512ff698:   00007ffe8a9960a1 0000000001762893
0x000000b2512ff6a8:   000000b2501ff330 0000000709088628
0x000000b2512ff6b8:   00007ffe8a9976f4 0000000001780000
0x000000b2512ff6c8:   00007ffe8a997bdc 000000070d314470
0x000000b2512ff6d8:   0000000001762893 0000000000000001
0x000000b2512ff6e8:   0000020b9cd83b90 0000020bc10a47c0
0x000000b2512ff6f8:   0000000000000001 0000020b9cd83b90
0x000000b2512ff708:   00007ffe8a99696f 0000020b9cd83c28
0x000000b2512ff718:   0000000000000000 000000b2501ff301
0x000000b2512ff728:   0000000000000000 0000020b9cdda320
0x000000b2512ff738:   0000020b9cd83b90 000000070d2d5d28
0x000000b2512ff748:   000000000002545b 000000070d2d5d28
0x000000b2512ff758:   000000000002545b 000000000042c1d8
0x000000b2512ff768:   00000000108cb2ba 00007ffe8b08c6e8
0x000000b2512ff778:   0000020bbcd2eda0 0000000700000003
0x000000b2512ff788:   0000020b9cd85160 0000020b9cd83b90 

Instructions: (pc=0x00007ffe8a66c5c1)
0x00007ffe8a66c4c1:   41 f6 c1 01 75 53 41 c1 f9 03 49 63 c1 c3 79 49
0x00007ffe8a66c4d1:   84 c0 41 b8 0c 00 00 00 8b 05 c9 4c c2 00 b9 10
0x00007ffe8a66c4e1:   00 00 00 41 0f 45 c8 ff c8 4c 63 c0 41 8b c1 48
0x00007ffe8a66c4f1:   c1 f8 10 0f b6 c0 48 63 14 11 41 8b c9 83 e1 3f
0x00007ffe8a66c501:   48 d3 e2 49 8d 0c 10 49 f7 d0 48 03 c1 49 c1 e8
0x00007ffe8a66c511:   03 48 c1 e8 03 49 23 c0 c3 49 8b 00 49 8b c8 48
0x00007ffe8a66c521:   ff a0 00 01 00 00 cc cc cc cc cc cc cc cc cc 8b
0x00007ffe8a66c531:   44 24 30 45 03 c9 44 2b 4c 24 28 83 c0 0b 44 03
0x00007ffe8a66c541:   ca 45 03 c8 41 03 c1 c3 cc cc cc cc cc cc cc 4c
0x00007ffe8a66c551:   8b c2 48 8b d1 45 8b 48 08 45 85 c9 7e 0e 41 f6
0x00007ffe8a66c561:   c1 01 75 56 41 c1 f9 03 49 63 c1 c3 79 4c 80 3d
0x00007ffe8a66c571:   f9 4f c2 00 00 b8 0c 00 00 00 b9 10 00 00 00 0f
0x00007ffe8a66c581:   45 c8 8b 05 1f 4c c2 00 ff c8 4c 63 c0 41 8b c1
0x00007ffe8a66c591:   48 c1 f8 10 48 63 14 11 41 8b c9 83 e1 3f 0f b6
0x00007ffe8a66c5a1:   c0 48 d3 e2 49 8d 0c 10 49 f7 d0 48 03 c1 49 c1
0x00007ffe8a66c5b1:   e8 03 48 c1 e8 03 49 23 c0 c3 49 8b 00 49 8b c8
0x00007ffe8a66c5c1:   48 ff a0 00 01 00 00 cc cc cc cc cc cc cc cc 48
0x00007ffe8a66c5d1:   8b 41 08 0f b7 48 2c 0f b7 40 2a 83 c0 48 03 c1
0x00007ffe8a66c5e1:   c3 cc cc cc cc cc cc cc cc cc cc cc cc cc cc 48
0x00007ffe8a66c5f1:   89 5c 24 08 57 48 83 ec 20 0f b6 05 bf 50 cd 00
0x00007ffe8a66c601:   48 8b fa 48 8b d9 84 c0 74 4f 48 85 15 66 48 cd
0x00007ffe8a66c611:   00 74 38 48 8b ca e8 74 34 8d 00 48 8b d0 48 85
0x00007ffe8a66c621:   db 74 25 48 85 c0 74 20 48 8b c7 f0 48 0f b1 13
0x00007ffe8a66c631:   74 16 48 85 05 3e 48 cd 00 74 0d 48 8b c8 f0 48
0x00007ffe8a66c641:   0f b1 13 48 3b c1 75 ea 48 8b fa 48 8b c7 48 8b
0x00007ffe8a66c651:   5c 24 30 48 83 c4 20 5f c3 48 85 3d 1f 48 cd 00
0x00007ffe8a66c661:   75 33 48 85 ff 75 0f 33 d2 8b c2 48 8b 5c 24 30
0x00007ffe8a66c671:   48 83 c4 20 5f c3 48 8b 15 12 48 cd 00 48 23 d7
0x00007ffe8a66c681:   48 0b 15 e8 47 cd 00 48 8b c2 48 8b 5c 24 30 48
0x00007ffe8a66c691:   83 c4 20 5f c3 48 8b cf e8 32 33 8d 00 48 8b d0
0x00007ffe8a66c6a1:   48 85 db 74 40 48 85 c0 74 3b 4c 8b 05 de 47 cd
0x00007ffe8a66c6b1:   00 4c 23 c0 4c 0b 05 0c 48 cd 00 74 28 48 8b c7 


Stack slot to memory mapping:

stack at sp + 0 slots: 0x00007ffe8a97ca5a jvm.dll
stack at sp + 1 slots: 0x000000000042c1d8 is an unknown value
stack at sp + 2 slots: 0x00007ffe8a97ca5a jvm.dll
stack at sp + 3 slots: 0x00000258aefd44ad is an unknown value
stack at sp + 4 slots: 0x000000b2512ff770 points into unknown readable memory: 0x00007ffe8b08c6e8 | e8 c6 08 8b fe 7f 00 00
stack at sp + 5 slots: 0x000000070d316568 is pointing into object: java.lang.String 
{0x000000070d316558} - klass: 'java/lang/String'
 - string: "SUB='UX Device CoreStack'"
 - ---- fields (total size 3 words):
 - private 'hash' 'I' @12  0 (0x00000000)
 - private final 'coder' 'B' @16  0 (0x00)
 - private 'hashIsZero' 'Z' @17  false (0x00)
 - injected 'flags' 'B' @18  0 (0x00)
 - private final 'value' '[B' @20  [B{0x000000070d316570} (0xe1a62cae)
stack at sp + 6 slots: 0x00007ffe8a97c82f jvm.dll
stack at sp + 7 slots: 0x0000020b9cd83b90 points into unknown readable memory: 0x00007ffe8b08c6c8 | c8 c6 08 8b fe 7f 00 00


---------------  P R O C E S S  ---------------

Threads class SMR info:
_java_thread_list=0x0000020bc5d0d750, length=53, elements={
0x0000020bc1064f90, 0x0000020bc1097fc0, 0x0000020bc10a26f0, 0x0000020bc10a2d50,
0x0000020bc10a73c0, 0x0000020bc109ddf0, 0x0000020bc10a1400, 0x0000020bc10dafa0,
0x0000020bc109d760, 0x0000020bc109ca40, 0x0000020bc109e480, 0x0000020bc109c3b0,
0x0000020bc109b690, 0x0000020bc109eb10, 0x0000020bc109d0d0, 0x0000020bc45ee7d0,
0x0000020bc45f3690, 0x0000020bc45f15c0, 0x0000020bc45ef4f0, 0x0000020bc45f3000,
0x0000020bc45f3d20, 0x0000020bc45ecd90, 0x0000020bc45efb80, 0x0000020bc45f08a0,
0x0000020bc45edab0, 0x0000020bc109bd20, 0x0000020bc45f0210, 0x0000020bc62d6dd0,
0x0000020bc62d8ea0, 0x0000020bc62d7460, 0x0000020bc62dc9b0, 0x0000020bc62d9bc0,
0x0000020bc62d60b0, 0x0000020bc62da8e0, 0x0000020bc62d7af0, 0x0000020bc62d8180,
0x0000020bc62db600, 0x0000020bc62dbc90, 0x0000020bc62d8810, 0x0000020bc62da250,
0x0000020bc62d9530, 0x0000020bc62dc320, 0x0000020bc62dd6d0, 0x0000020bc5ef4080,
0x0000020bc5efb6a0, 0x0000020bc5ef4710, 0x0000020bc5ef5430, 0x0000020bc5ef88b0,
0x0000020bc5ef9c60, 0x0000020bc5bda3c0, 0x0000020bc5bdcca0, 0x0000020bc5ef67e0,
0x0000020bc5ef4da0
}

Java Threads: ( => current thread )
  0x0000020bc1064f90 JavaThread "Reference Handler"          daemon [_thread_blocked, id=9176, stack(0x000000b250700000,0x000000b250800000) (1024K)]
  0x0000020bc1097fc0 JavaThread "Finalizer"                  daemon [_thread_blocked, id=7380, stack(0x000000b250800000,0x000000b250900000) (1024K)]
  0x0000020bc10a26f0 JavaThread "Signal Dispatcher"          daemon [_thread_blocked, id=4528, stack(0x000000b250900000,0x000000b250a00000) (1024K)]
  0x0000020bc10a2d50 JavaThread "Attach Listener"            daemon [_thread_blocked, id=18784, stack(0x000000b250a00000,0x000000b250b00000) (1024K)]
  0x0000020bc10a73c0 JavaThread "Service Thread"             daemon [_thread_blocked, id=18164, stack(0x000000b250b00000,0x000000b250c00000) (1024K)]
  0x0000020bc109ddf0 JavaThread "Monitor Deflation Thread"   daemon [_thread_blocked, id=20192, stack(0x000000b250c00000,0x000000b250d00000) (1024K)]
  0x0000020bc10a1400 JavaThread "C2 CompilerThread0"         daemon [_thread_in_native, id=20020, stack(0x000000b250d00000,0x000000b250e00000) (1024K)]
  0x0000020bc10dafa0 JavaThread "C1 CompilerThread0"         daemon [_thread_in_native, id=19992, stack(0x000000b250e00000,0x000000b250f00000) (1024K)]
  0x0000020bc109d760 JavaThread "Common-Cleaner"             daemon [_thread_blocked, id=20028, stack(0x000000b250f00000,0x000000b251000000) (1024K)]
  0x0000020bc109ca40 JavaThread "Notification Thread"        daemon [_thread_blocked, id=12792, stack(0x000000b251000000,0x000000b251100000) (1024K)]
  0x0000020bc109e480 JavaThread "Java2D Disposer"            daemon [_thread_blocked, id=2480, stack(0x000000b251a00000,0x000000b251b00000) (1024K)]
  0x0000020bc109c3b0 JavaThread "AWT-Shutdown"                      [_thread_blocked, id=20268, stack(0x000000b251b00000,0x000000b251c00000) (1024K)]
  0x0000020bc109b690 JavaThread "AWT-Windows"                daemon [_thread_in_native, id=11964, stack(0x000000b251c00000,0x000000b251d00000) (1024K)]
  0x0000020bc109eb10 JavaThread "AWT-EventQueue-0"                  [_thread_blocked, id=12988, stack(0x000000b251d00000,0x000000b251e00000) (1024K)]
  0x0000020bc109d0d0 JavaThread "DestroyJavaVM"                     [_thread_blocked, id=20336, stack(0x000000b24ff00000,0x000000b250000000) (1024K)]
  0x0000020bc45ee7d0 JavaThread "TimerQueue"                 daemon [_thread_blocked, id=20048, stack(0x000000b251f00000,0x000000b252000000) (1024K)]
  0x0000020bc45f3690 JavaThread "SwingWorker-pool-2-thread-1" daemon [_thread_blocked, id=19740, stack(0x000000b252a00000,0x000000b252b00000) (1024K)]
  0x0000020bc45f15c0 JavaThread "IPC Server Thread"          daemon [_thread_in_native, id=19920, stack(0x000000b251e00000,0x000000b251f00000) (1024K)]
  0x0000020bc45ef4f0 JavaThread "Chromium Process Thread"           [_thread_in_native, id=12220, stack(0x000000b252b00000,0x000000b252c00000) (1024K)]
  0x0000020bc45f3000 JavaThread "Chromium Process Logger"    daemon [_thread_in_native, id=20104, stack(0x000000b252d00000,0x000000b252e00000) (1024K)]
  0x0000020bc45f3d20 JavaThread "Thread-195"                 daemon [_thread_blocked, id=19984, stack(0x000000b252c00000,0x000000b252d00000) (1024K)]
  0x0000020bc45ecd90 JavaThread "Thread-202"                 daemon [_thread_blocked, id=9460, stack(0x000000b252500000,0x000000b252600000) (1024K)]
  0x0000020bc45efb80 JavaThread "IPC Memory Reader Thread"          [_thread_in_native, id=5860, stack(0x000000b252f00000,0x000000b253000000) (1024K)]
  0x0000020bc45f08a0 JavaThread "Browser Thread: 8596adcf-adbe-4428-aecb-c55b30c0c45c" daemon [_thread_blocked, id=9812, stack(0x000000b253200000,0x000000b253300000) (1024K)]
  0x0000020bc45edab0 JavaThread "Socket Connection Checker: 8596adcf-adbe-4428-aecb-c55b30c0c45c"        [_thread_in_native, id=7432, stack(0x000000b253100000,0x000000b253200000) (1024K)]
  0x0000020bc109bd20 JavaThread "Thread-238"                 daemon [_thread_blocked, id=20528, stack(0x000000b253300000,0x000000b253400000) (1024K)]
  0x0000020bc45f0210 JavaThread "Thread-246"                 daemon [_thread_blocked, id=20664, stack(0x000000b253000000,0x000000b253100000) (1024K)]
  0x0000020bc62d6dd0 JavaThread "Network Thread: 9e003dc7-2c58-4da5-b9e1-63b86ea0e400" daemon [_thread_blocked, id=20720, stack(0x000000b253800000,0x000000b253900000) (1024K)]
  0x0000020bc62d8ea0 JavaThread "Socket Connection Checker: 9e003dc7-2c58-4da5-b9e1-63b86ea0e400"        [_thread_in_native, id=20724, stack(0x000000b253400000,0x000000b253500000) (1024K)]
  0x0000020bc62d7460 JavaThread "Thread-251"                 daemon [_thread_blocked, id=20728, stack(0x000000b253500000,0x000000b253600000) (1024K)]
  0x0000020bc62dc9b0 JavaThread "IPC Memory Reader Thread"          [_thread_in_native, id=20716, stack(0x000000b253700000,0x000000b253800000) (1024K)]
  0x0000020bc62d9bc0 JavaThread "Thread-253"                 daemon [_thread_blocked, id=20804, stack(0x000000b253900000,0x000000b253a00000) (1024K)]
  0x0000020bc62d60b0 JavaThread "GPU Thread: addea643-eae3-437b-897b-59e5e9ca5762" daemon [_thread_blocked, id=20820, stack(0x000000b253c00000,0x000000b253d00000) (1024K)]
  0x0000020bc62da8e0 JavaThread "Socket Connection Checker: addea643-eae3-437b-897b-59e5e9ca5762"        [_thread_in_native, id=20824, stack(0x000000b253d00000,0x000000b253e00000) (1024K)]
  0x0000020bc62d7af0 JavaThread "IPC Memory Reader Thread"          [_thread_in_native, id=20816, stack(0x000000b253b00000,0x000000b253c00000) (1024K)]
  0x0000020bc62d8180 JavaThread "Thread-255"                 daemon [_thread_blocked, id=20836, stack(0x000000b253f00000,0x000000b254000000) (1024K)]
  0x0000020bc62db600 JavaThread "Thread-259"                 daemon [_thread_blocked, id=20876, stack(0x000000b252300000,0x000000b252400000) (1024K)]
  0x0000020bc62dbc90 JavaThread "Thread-267"                 daemon [_thread_blocked, id=20984, stack(0x000000b254100000,0x000000b254200000) (1024K)]
  0x0000020bc62d8810 JavaThread "Thread-269"                 daemon [_thread_blocked, id=20996, stack(0x000000b254300000,0x000000b254400000) (1024K)]
  0x0000020bc62da250 JavaThread "Thread-271"                 daemon [_thread_blocked, id=21008, stack(0x000000b254400000,0x000000b254500000) (1024K)]
  0x0000020bc62d9530 JavaThread "Thread-285"                 daemon [_thread_blocked, id=21088, stack(0x000000b254000000,0x000000b254100000) (1024K)]
  0x0000020bc62dc320 JavaThread "Thread-367"                 daemon [_thread_blocked, id=15536, stack(0x000000b253e00000,0x000000b253f00000) (1024K)]
  0x0000020bc62dd6d0 JavaThread "Thread-409"                 daemon [_thread_blocked, id=21032, stack(0x000000b254500000,0x000000b254600000) (1024K)]
  0x0000020bc5ef4080 JavaThread "Render Thread: 041d7d65-3f1e-41d7-9dcf-4a6658ed66cd" daemon [_thread_blocked, id=21092, stack(0x000000b254a00000,0x000000b254b00000) (1024K)]
  0x0000020bc5efb6a0 JavaThread "IPC Memory Reader Thread"          [_thread_in_native, id=21112, stack(0x000000b254900000,0x000000b254a00000) (1024K)]
  0x0000020bc5ef4710 JavaThread "Socket Connection Checker: 041d7d65-3f1e-41d7-9dcf-4a6658ed66cd"        [_thread_in_native, id=21100, stack(0x000000b254b00000,0x000000b254c00000) (1024K)]
  0x0000020bc5ef5430 JavaThread "Thread-1090"                daemon [_thread_blocked, id=20604, stack(0x000000b254c00000,0x000000b254d00000) (1024K)]
  0x0000020bc5ef88b0 JavaThread "Thread-2278"                daemon [_thread_blocked, id=20512, stack(0x000000b254200000,0x000000b254300000) (1024K)]
  0x0000020bc5ef9c60 JavaThread "SwingWorker-pool-2-thread-2" daemon [_thread_blocked, id=21392, stack(0x000000b252100000,0x000000b252200000) (1024K)]
  0x0000020bc5bda3c0 JavaThread "C2 CompilerThread1"         daemon [_thread_in_native, id=11228, stack(0x000000b24fc00000,0x000000b24fd00000) (1024K)]
  0x0000020bc5bdcca0 JavaThread "C2 CompilerThread2"         daemon [_thread_in_native, id=23664, stack(0x000000b24fd00000,0x000000b24fe00000) (1024K)]
  0x0000020bc5ef67e0 JavaThread "Thread-3136"                       [_thread_in_Java, id=11032, stack(0x000000b252000000,0x000000b252100000) (1024K)]
  0x0000020bc5ef4da0 JavaThread "Keep-Alive-Timer"           daemon [_thread_blocked, id=9324, stack(0x000000b252200000,0x000000b252300000) (1024K)]
Total: 53

Other Threads:
  0x0000020bbcd6dee0 VMThread "VM Thread"                           [id=20016, stack(0x000000b250600000,0x000000b250700000) (1024K)]
  0x0000020bbcd18b80 WatcherThread "VM Periodic Task Thread"        [id=10224, stack(0x000000b250500000,0x000000b250600000) (1024K)]
  0x0000020b9cdd9c30 WorkerThread "GC Thread#0"                     [id=18000, stack(0x000000b250000000,0x000000b250100000) (1024K)]
  0x0000020bc2225350 WorkerThread "GC Thread#1"                     [id=17368, stack(0x000000b251300000,0x000000b251400000) (1024K)]
  0x0000020bc22256f0 WorkerThread "GC Thread#2"                     [id=15052, stack(0x000000b251400000,0x000000b251500000) (1024K)]
  0x0000020bc200f090 WorkerThread "GC Thread#3"                     [id=660, stack(0x000000b251500000,0x000000b251600000) (1024K)]
  0x0000020bc200f430 WorkerThread "GC Thread#4"                     [id=20280, stack(0x000000b251600000,0x000000b251700000) (1024K)]
  0x0000020bc200f7d0 WorkerThread "GC Thread#5"                     [id=2792, stack(0x000000b251700000,0x000000b251800000) (1024K)]
  0x0000020bc1f417a0 WorkerThread "GC Thread#6"                     [id=8056, stack(0x000000b251800000,0x000000b251900000) (1024K)]
  0x0000020bc2034170 WorkerThread "GC Thread#7"                     [id=2484, stack(0x000000b251900000,0x000000b251a00000) (1024K)]
  0x0000020b9cdeac40 ConcurrentGCThread "G1 Main Marker"            [id=19672, stack(0x000000b250100000,0x000000b250200000) (1024K)]
  0x0000020b9cdecef0 WorkerThread "G1 Conc#0"                       [id=8652, stack(0x000000b250200000,0x000000b250300000) (1024K)]
=>0x0000020bc16e16c0 WorkerThread "G1 Conc#1"                       [id=2440, stack(0x000000b251200000,0x000000b251300000) (1024K)]
  0x0000020bbcbdb540 ConcurrentGCThread "G1 Refine#0"               [id=18548, stack(0x000000b250300000,0x000000b250400000) (1024K)]
  0x0000020bbcbdbcc0 ConcurrentGCThread "G1 Service"                [id=20064, stack(0x000000b250400000,0x000000b250500000) (1024K)]
Total: 15

Threads with active compile tasks:
C2 CompilerThread0  15928919 28096       4       com.st.microxplorer.mcu.IP::isRefParamDuplicated (450 bytes)
C1 CompilerThread0  15928919 28133       2       com.st.microxplorer.codegenerator.Argument::setArgumentValue (928 bytes)
C2 CompilerThread1  15928919 27738       4       freemarker.core.FMParser::PCData (277 bytes)
C2 CompilerThread2  15928919 27747       4       freemarker.core.FMParser::MixedContentElements (905 bytes)
Total: 4

VM state: not at safepoint (normal execution)

VM Mutex/Monitor currently owned by a thread: None

Heap address: 0x0000000701800000, size: 4072 MB, Compressed Oops mode: Zero based, Oop shift amount: 3

CDS archive(s) not mapped
Compressed class space mapped at: 0x0000000800000000-0x0000000840000000, reserved size: 1073741824
Narrow klass base: 0x0000000800000000, Narrow klass shift: 0, Narrow klass range: 0x40000000

GC Precious Log:
 CardTable entry size: 512
 Card Set container configuration: InlinePtr #cards 4 size 8 Array Of Cards #cards 16 size 48 Howl #buckets 8 coarsen threshold 3686 Howl Bitmap #cards 512 size 80 coarsen threshold 460 Card regions per heap region 1 cards per card region 4096
 CPUs: 8 total, 8 available
 Memory: 16281M
 Large Page Support: Disabled
 NUMA Support: Disabled
 Compressed Oops: Enabled (Zero based)
 Heap Region Size: 2M
 Heap Min Capacity: 8M
 Heap Initial Capacity: 256M
 Heap Max Capacity: 4072M
 Pre-touch: Disabled
 Parallel Workers: 8
 Concurrent Workers: 2
 Concurrent Refinement Workers: 8
 Periodic GC: Disabled

Heap:
 garbage-first heap   total 387072K, used 247780K [0x0000000701800000, 0x0000000800000000)
  region size 2048K, 13 young (26624K), 1 survivors (2048K)
 Metaspace       used 112462K, committed 113984K, reserved 1179648K
  class space    used 12491K, committed 13184K, reserved 1048576K

Heap Regions: E=young(eden), S=young(survivor), O=old, HS=humongous(starts), HC=humongous(continues), CS=collection set, F=free, TAMS=top-at-mark-start, PB=parsable bottom
|   0|0x0000000701800000, 0x0000000701a00000, 0x0000000701a00000|100%|HS|  |TAMS 0x0000000701a00000| PB 0x0000000701800000| Complete 
|   1|0x0000000701a00000, 0x0000000701c00000, 0x0000000701c00000|100%|HC|  |TAMS 0x0000000701c00000| PB 0x0000000701a00000| Complete 
|   2|0x0000000701c00000, 0x0000000701e00000, 0x0000000701e00000|100%|HC|  |TAMS 0x0000000701e00000| PB 0x0000000701c00000| Complete 
|   3|0x0000000701e00000, 0x0000000702000000, 0x0000000702000000|100%| O|  |TAMS 0x0000000702000000| PB 0x0000000701e00000| Untracked 
|   4|0x0000000702000000, 0x0000000702200000, 0x0000000702200000|100%| O|  |TAMS 0x0000000702200000| PB 0x0000000702000000| Untracked 
|   5|0x0000000702200000, 0x0000000702400000, 0x0000000702400000|100%| O|  |TAMS 0x0000000702400000| PB 0x0000000702200000| Untracked 
|   6|0x0000000702400000, 0x0000000702600000, 0x0000000702600000|100%| O|  |TAMS 0x0000000702600000| PB 0x0000000702400000| Untracked 
|   7|0x0000000702600000, 0x0000000702800000, 0x0000000702800000|100%| O|  |TAMS 0x0000000702800000| PB 0x0000000702600000| Untracked 
|   8|0x0000000702800000, 0x0000000702a00000, 0x0000000702a00000|100%| O|  |TAMS 0x0000000702a00000| PB 0x0000000702800000| Untracked 
|   9|0x0000000702a00000, 0x0000000702c00000, 0x0000000702c00000|100%| O|  |TAMS 0x0000000702c00000| PB 0x0000000702a00000| Untracked 
|  10|0x0000000702c00000, 0x0000000702e00000, 0x0000000702e00000|100%| O|  |TAMS 0x0000000702e00000| PB 0x0000000702c00000| Untracked 
|  11|0x0000000702e00000, 0x0000000703000000, 0x0000000703000000|100%| O|  |TAMS 0x0000000703000000| PB 0x0000000702e00000| Untracked 
|  12|0x0000000703000000, 0x00000007030bbc80, 0x0000000703200000| 36%| O|  |TAMS 0x00000007030bbc80| PB 0x0000000703000000| Untracked 
|  13|0x0000000703200000, 0x0000000703400000, 0x0000000703400000|100%|HS|  |TAMS 0x0000000703400000| PB 0x0000000703200000| Complete 
|  14|0x0000000703400000, 0x0000000703600000, 0x0000000703600000|100%| O|  |TAMS 0x0000000703600000| PB 0x0000000703400000| Untracked 
|  15|0x0000000703600000, 0x0000000703800000, 0x0000000703800000|100%| O|  |TAMS 0x0000000703800000| PB 0x0000000703600000| Untracked 
|  16|0x0000000703800000, 0x0000000703a00000, 0x0000000703a00000|100%| O|  |TAMS 0x0000000703a00000| PB 0x0000000703800000| Untracked 
|  17|0x0000000703a00000, 0x0000000703c00000, 0x0000000703c00000|100%| O|  |TAMS 0x0000000703c00000| PB 0x0000000703a00000| Untracked 
|  18|0x0000000703c00000, 0x0000000703e00000, 0x0000000703e00000|100%| O|  |TAMS 0x0000000703e00000| PB 0x0000000703c00000| Untracked 
|  19|0x0000000703e00000, 0x0000000704000000, 0x0000000704000000|100%|HS|  |TAMS 0x0000000704000000| PB 0x0000000703e00000| Complete 
|  20|0x0000000704000000, 0x0000000704000000, 0x0000000704200000|  0%| F|  |TAMS 0x0000000704000000| PB 0x0000000704000000| Untracked 
|  21|0x0000000704200000, 0x0000000704400000, 0x0000000704400000|100%| O|  |TAMS 0x0000000704400000| PB 0x0000000704200000| Untracked 
|  22|0x0000000704400000, 0x0000000704600000, 0x0000000704600000|100%| O|  |TAMS 0x0000000704600000| PB 0x0000000704400000| Untracked 
|  23|0x0000000704600000, 0x0000000704800000, 0x0000000704800000|100%| O|  |TAMS 0x0000000704800000| PB 0x0000000704600000| Untracked 
|  24|0x0000000704800000, 0x0000000704a00000, 0x0000000704a00000|100%|HS|  |TAMS 0x0000000704a00000| PB 0x0000000704800000| Complete 
|  25|0x0000000704a00000, 0x0000000704c00000, 0x0000000704c00000|100%|HC|  |TAMS 0x0000000704c00000| PB 0x0000000704a00000| Complete 
|  26|0x0000000704c00000, 0x0000000704e00000, 0x0000000704e00000|100%|HS|  |TAMS 0x0000000704e00000| PB 0x0000000704c00000| Complete 
|  27|0x0000000704e00000, 0x0000000705000000, 0x0000000705000000|100%|HC|  |TAMS 0x0000000705000000| PB 0x0000000704e00000| Complete 
|  28|0x0000000705000000, 0x0000000705200000, 0x0000000705200000|100%|HS|  |TAMS 0x0000000705200000| PB 0x0000000705000000| Complete 
|  29|0x0000000705200000, 0x0000000705400000, 0x0000000705400000|100%|HC|  |TAMS 0x0000000705400000| PB 0x0000000705200000| Complete 
|  30|0x0000000705400000, 0x0000000705600000, 0x0000000705600000|100%| O|  |TAMS 0x0000000705600000| PB 0x0000000705400000| Untracked 
|  31|0x0000000705600000, 0x0000000705800000, 0x0000000705800000|100%| O|  |TAMS 0x0000000705800000| PB 0x0000000705600000| Untracked 
|  32|0x0000000705800000, 0x0000000705a00000, 0x0000000705a00000|100%|HS|  |TAMS 0x0000000705a00000| PB 0x0000000705800000| Complete 
|  33|0x0000000705a00000, 0x0000000705c00000, 0x0000000705c00000|100%|HC|  |TAMS 0x0000000705c00000| PB 0x0000000705a00000| Complete 
|  34|0x0000000705c00000, 0x0000000705e00000, 0x0000000705e00000|100%|HS|  |TAMS 0x0000000705e00000| PB 0x0000000705c00000| Complete 
|  35|0x0000000705e00000, 0x0000000706000000, 0x0000000706000000|100%|HC|  |TAMS 0x0000000706000000| PB 0x0000000705e00000| Complete 
|  36|0x0000000706000000, 0x0000000706200000, 0x0000000706200000|100%| O|  |TAMS 0x0000000706200000| PB 0x0000000706000000| Untracked 
|  37|0x0000000706200000, 0x0000000706400000, 0x0000000706400000|100%|HS|  |TAMS 0x0000000706400000| PB 0x0000000706200000| Complete 
|  38|0x0000000706400000, 0x0000000706600000, 0x0000000706600000|100%|HC|  |TAMS 0x0000000706600000| PB 0x0000000706400000| Complete 
|  39|0x0000000706600000, 0x0000000706800000, 0x0000000706800000|100%| O|  |TAMS 0x0000000706800000| PB 0x0000000706600000| Untracked 
|  40|0x0000000706800000, 0x0000000706a00000, 0x0000000706a00000|100%| O|  |TAMS 0x0000000706a00000| PB 0x0000000706800000| Untracked 
|  41|0x0000000706a00000, 0x0000000706c00000, 0x0000000706c00000|100%| O|  |TAMS 0x0000000706c00000| PB 0x0000000706a00000| Untracked 
|  42|0x0000000706c00000, 0x0000000706e00000, 0x0000000706e00000|100%| O|  |TAMS 0x0000000706e00000| PB 0x0000000706c00000| Untracked 
|  43|0x0000000706e00000, 0x0000000707000000, 0x0000000707000000|100%|HS|  |TAMS 0x0000000707000000| PB 0x0000000706e00000| Complete 
|  44|0x0000000707000000, 0x0000000707200000, 0x0000000707200000|100%|HC|  |TAMS 0x0000000707200000| PB 0x0000000707000000| Complete 
|  45|0x0000000707200000, 0x0000000707400000, 0x0000000707400000|100%|HS|  |TAMS 0x0000000707400000| PB 0x0000000707200000| Complete 
|  46|0x0000000707400000, 0x0000000707600000, 0x0000000707600000|100%|HC|  |TAMS 0x0000000707600000| PB 0x0000000707400000| Complete 
|  47|0x0000000707600000, 0x0000000707800000, 0x0000000707800000|100%|HS|  |TAMS 0x0000000707800000| PB 0x0000000707600000| Complete 
|  48|0x0000000707800000, 0x0000000707a00000, 0x0000000707a00000|100%|HC|  |TAMS 0x0000000707a00000| PB 0x0000000707800000| Complete 
|  49|0x0000000707a00000, 0x0000000707c00000, 0x0000000707c00000|100%|HS|  |TAMS 0x0000000707c00000| PB 0x0000000707a00000| Complete 
|  50|0x0000000707c00000, 0x0000000707e00000, 0x0000000707e00000|100%|HC|  |TAMS 0x0000000707e00000| PB 0x0000000707c00000| Complete 
|  51|0x0000000707e00000, 0x0000000708000000, 0x0000000708000000|100%| O|  |TAMS 0x0000000708000000| PB 0x0000000707e00000| Untracked 
|  52|0x0000000708000000, 0x0000000708200000, 0x0000000708200000|100%| O|  |TAMS 0x0000000708200000| PB 0x0000000708000000| Untracked 
|  53|0x0000000708200000, 0x0000000708400000, 0x0000000708400000|100%| O|  |TAMS 0x0000000708400000| PB 0x0000000708200000| Untracked 
|  54|0x0000000708400000, 0x0000000708600000, 0x0000000708600000|100%| O|  |TAMS 0x0000000708600000| PB 0x0000000708400000| Untracked 
|  55|0x0000000708600000, 0x0000000708800000, 0x0000000708800000|100%| O|  |TAMS 0x0000000708800000| PB 0x0000000708600000| Untracked 
|  56|0x0000000708800000, 0x0000000708a00000, 0x0000000708a00000|100%| O|  |TAMS 0x0000000708a00000| PB 0x0000000708800000| Untracked 
|  57|0x0000000708a00000, 0x0000000708c00000, 0x0000000708c00000|100%| O|  |TAMS 0x0000000708c00000| PB 0x0000000708a00000| Untracked 
|  58|0x0000000708c00000, 0x0000000708e00000, 0x0000000708e00000|100%| O|  |TAMS 0x0000000708e00000| PB 0x0000000708c00000| Untracked 
|  59|0x0000000708e00000, 0x0000000709000000, 0x0000000709000000|100%| O|  |TAMS 0x0000000709000000| PB 0x0000000708e00000| Untracked 
|  60|0x0000000709000000, 0x0000000709200000, 0x0000000709200000|100%| O|  |TAMS 0x0000000709200000| PB 0x0000000709000000| Untracked 
|  61|0x0000000709200000, 0x0000000709400000, 0x0000000709400000|100%| O|  |TAMS 0x0000000709400000| PB 0x0000000709200000| Untracked 
|  62|0x0000000709400000, 0x0000000709600000, 0x0000000709600000|100%|HS|  |TAMS 0x0000000709600000| PB 0x0000000709400000| Complete 
|  63|0x0000000709600000, 0x0000000709800000, 0x0000000709800000|100%|HC|  |TAMS 0x0000000709800000| PB 0x0000000709600000| Complete 
|  64|0x0000000709800000, 0x0000000709a00000, 0x0000000709a00000|100%|HC|  |TAMS 0x0000000709a00000| PB 0x0000000709800000| Complete 
|  65|0x0000000709a00000, 0x0000000709c00000, 0x0000000709c00000|100%|HC|  |TAMS 0x0000000709c00000| PB 0x0000000709a00000| Complete 
|  66|0x0000000709c00000, 0x0000000709e00000, 0x0000000709e00000|100%| O|  |TAMS 0x0000000709e00000| PB 0x0000000709c00000| Untracked 
|  67|0x0000000709e00000, 0x000000070a000000, 0x000000070a000000|100%| O|  |TAMS 0x000000070a000000| PB 0x0000000709e00000| Untracked 
|  68|0x000000070a000000, 0x000000070a200000, 0x000000070a200000|100%| O|  |TAMS 0x000000070a200000| PB 0x000000070a000000| Untracked 
|  69|0x000000070a200000, 0x000000070a400000, 0x000000070a400000|100%| O|  |TAMS 0x000000070a400000| PB 0x000000070a200000| Untracked 
|  70|0x000000070a400000, 0x000000070a600000, 0x000000070a600000|100%| O|  |TAMS 0x000000070a600000| PB 0x000000070a400000| Untracked 
|  71|0x000000070a600000, 0x000000070a800000, 0x000000070a800000|100%| O|  |TAMS 0x000000070a800000| PB 0x000000070a600000| Untracked 
|  72|0x000000070a800000, 0x000000070aa00000, 0x000000070aa00000|100%| O|  |TAMS 0x000000070aa00000| PB 0x000000070a800000| Untracked 
|  73|0x000000070aa00000, 0x000000070ac00000, 0x000000070ac00000|100%| O|  |TAMS 0x000000070ac00000| PB 0x000000070aa00000| Untracked 
|  74|0x000000070ac00000, 0x000000070ae00000, 0x000000070ae00000|100%| O|  |TAMS 0x000000070ae00000| PB 0x000000070ac00000| Untracked 
|  75|0x000000070ae00000, 0x000000070b000000, 0x000000070b000000|100%| O|  |TAMS 0x000000070b000000| PB 0x000000070ae00000| Untracked 
|  76|0x000000070b000000, 0x000000070b200000, 0x000000070b200000|100%| O|  |TAMS 0x000000070b200000| PB 0x000000070b000000| Untracked 
|  77|0x000000070b200000, 0x000000070b400000, 0x000000070b400000|100%| O|  |TAMS 0x000000070b400000| PB 0x000000070b200000| Untracked 
|  78|0x000000070b400000, 0x000000070b5ffff8, 0x000000070b600000| 99%| O|  |TAMS 0x000000070b5ffff8| PB 0x000000070b400000| Untracked 
|  79|0x000000070b600000, 0x000000070b800000, 0x000000070b800000|100%| O|  |TAMS 0x000000070b800000| PB 0x000000070b600000| Untracked 
|  80|0x000000070b800000, 0x000000070ba00000, 0x000000070ba00000|100%| O|  |TAMS 0x000000070ba00000| PB 0x000000070b800000| Untracked 
|  81|0x000000070ba00000, 0x000000070bc00000, 0x000000070bc00000|100%| O|  |TAMS 0x000000070bc00000| PB 0x000000070ba00000| Untracked 
|  82|0x000000070bc00000, 0x000000070be00000, 0x000000070be00000|100%|HS|  |TAMS 0x000000070be00000| PB 0x000000070bc00000| Complete 
|  83|0x000000070be00000, 0x000000070c000000, 0x000000070c000000|100%|HC|  |TAMS 0x000000070c000000| PB 0x000000070be00000| Complete 
|  84|0x000000070c000000, 0x000000070c200000, 0x000000070c200000|100%|HC|  |TAMS 0x000000070c200000| PB 0x000000070c000000| Complete 
|  85|0x000000070c200000, 0x000000070c400000, 0x000000070c400000|100%|HC|  |TAMS 0x000000070c400000| PB 0x000000070c200000| Complete 
|  86|0x000000070c400000, 0x000000070c600000, 0x000000070c600000|100%| O|  |TAMS 0x000000070c600000| PB 0x000000070c400000| Untracked 
|  87|0x000000070c600000, 0x000000070c800000, 0x000000070c800000|100%| O|  |TAMS 0x000000070c800000| PB 0x000000070c600000| Untracked 
|  88|0x000000070c800000, 0x000000070ca00000, 0x000000070ca00000|100%| O|  |TAMS 0x000000070ca00000| PB 0x000000070c800000| Untracked 
|  89|0x000000070ca00000, 0x000000070cc00000, 0x000000070cc00000|100%| O|  |TAMS 0x000000070cc00000| PB 0x000000070ca00000| Untracked 
|  90|0x000000070cc00000, 0x000000070ce00000, 0x000000070ce00000|100%| O|  |TAMS 0x000000070ce00000| PB 0x000000070cc00000| Untracked 
|  91|0x000000070ce00000, 0x000000070d000000, 0x000000070d000000|100%| O|  |TAMS 0x000000070d000000| PB 0x000000070ce00000| Untracked 
|  92|0x000000070d000000, 0x000000070d200000, 0x000000070d200000|100%| O|  |TAMS 0x000000070d200000| PB 0x000000070d000000| Untracked 
|  93|0x000000070d200000, 0x000000070d400000, 0x000000070d400000|100%| O|  |TAMS 0x000000070d400000| PB 0x000000070d200000| Untracked 
|  94|0x000000070d400000, 0x000000070d600000, 0x000000070d600000|100%| O|  |TAMS 0x000000070d600000| PB 0x000000070d400000| Untracked 
|  95|0x000000070d600000, 0x000000070d800000, 0x000000070d800000|100%| O|  |TAMS 0x000000070d800000| PB 0x000000070d600000| Untracked 
|  96|0x000000070d800000, 0x000000070da00000, 0x000000070da00000|100%| O|  |TAMS 0x000000070da00000| PB 0x000000070d800000| Untracked 
|  97|0x000000070da00000, 0x000000070dc00000, 0x000000070dc00000|100%| O|  |TAMS 0x000000070dc00000| PB 0x000000070da00000| Untracked 
|  98|0x000000070dc00000, 0x000000070dc00000, 0x000000070de00000|  0%| F|  |TAMS 0x000000070dc00000| PB 0x000000070dc00000| Untracked 
|  99|0x000000070de00000, 0x000000070de00000, 0x000000070e000000|  0%| F|  |TAMS 0x000000070de00000| PB 0x000000070de00000| Untracked 
| 100|0x000000070e000000, 0x000000070e000000, 0x000000070e200000|  0%| F|  |TAMS 0x000000070e000000| PB 0x000000070e000000| Untracked 
| 101|0x000000070e200000, 0x000000070e200000, 0x000000070e400000|  0%| F|  |TAMS 0x000000070e200000| PB 0x000000070e200000| Untracked 
| 102|0x000000070e400000, 0x000000070e400000, 0x000000070e600000|  0%| F|  |TAMS 0x000000070e400000| PB 0x000000070e400000| Untracked 
| 103|0x000000070e600000, 0x000000070e600000, 0x000000070e800000|  0%| F|  |TAMS 0x000000070e600000| PB 0x000000070e600000| Untracked 
| 104|0x000000070e800000, 0x000000070e800000, 0x000000070ea00000|  0%| F|  |TAMS 0x000000070e800000| PB 0x000000070e800000| Untracked 
| 105|0x000000070ea00000, 0x000000070ea00000, 0x000000070ec00000|  0%| F|  |TAMS 0x000000070ea00000| PB 0x000000070ea00000| Untracked 
| 106|0x000000070ec00000, 0x000000070ec00000, 0x000000070ee00000|  0%| F|  |TAMS 0x000000070ec00000| PB 0x000000070ec00000| Untracked 
| 107|0x000000070ee00000, 0x000000070ef3d600, 0x000000070f000000| 61%| S|CS|TAMS 0x000000070ee00000| PB 0x000000070ee00000| Complete 
| 108|0x000000070f000000, 0x000000070f000000, 0x000000070f200000|  0%| F|  |TAMS 0x000000070f000000| PB 0x000000070f000000| Untracked 
| 109|0x000000070f200000, 0x000000070f200000, 0x000000070f400000|  0%| F|  |TAMS 0x000000070f200000| PB 0x000000070f200000| Untracked 
| 110|0x000000070f400000, 0x000000070f400000, 0x000000070f600000|  0%| F|  |TAMS 0x000000070f400000| PB 0x000000070f400000| Untracked 
| 111|0x000000070f600000, 0x000000070f600000, 0x000000070f800000|  0%| F|  |TAMS 0x000000070f600000| PB 0x000000070f600000| Untracked 
| 112|0x000000070f800000, 0x000000070f800000, 0x000000070fa00000|  0%| F|  |TAMS 0x000000070f800000| PB 0x000000070f800000| Untracked 
| 113|0x000000070fa00000, 0x000000070fa00000, 0x000000070fc00000|  0%| F|  |TAMS 0x000000070fa00000| PB 0x000000070fa00000| Untracked 
| 114|0x000000070fc00000, 0x000000070fc00000, 0x000000070fe00000|  0%| F|  |TAMS 0x000000070fc00000| PB 0x000000070fc00000| Untracked 
| 115|0x000000070fe00000, 0x000000070fe00000, 0x0000000710000000|  0%| F|  |TAMS 0x000000070fe00000| PB 0x000000070fe00000| Untracked 
| 116|0x0000000710000000, 0x0000000710000000, 0x0000000710200000|  0%| F|  |TAMS 0x0000000710000000| PB 0x0000000710000000| Untracked 
| 117|0x0000000710200000, 0x0000000710200000, 0x0000000710400000|  0%| F|  |TAMS 0x0000000710200000| PB 0x0000000710200000| Untracked 
| 118|0x0000000710400000, 0x0000000710400000, 0x0000000710600000|  0%| F|  |TAMS 0x0000000710400000| PB 0x0000000710400000| Untracked 
| 119|0x0000000710600000, 0x0000000710600000, 0x0000000710800000|  0%| F|  |TAMS 0x0000000710600000| PB 0x0000000710600000| Untracked 
| 120|0x0000000710800000, 0x0000000710800000, 0x0000000710a00000|  0%| F|  |TAMS 0x0000000710800000| PB 0x0000000710800000| Untracked 
| 121|0x0000000710a00000, 0x0000000710a00000, 0x0000000710c00000|  0%| F|  |TAMS 0x0000000710a00000| PB 0x0000000710a00000| Untracked 
| 122|0x0000000710c00000, 0x0000000710c00000, 0x0000000710e00000|  0%| F|  |TAMS 0x0000000710c00000| PB 0x0000000710c00000| Untracked 
| 123|0x0000000710e00000, 0x0000000710e00000, 0x0000000711000000|  0%| F|  |TAMS 0x0000000710e00000| PB 0x0000000710e00000| Untracked 
| 124|0x0000000711000000, 0x0000000711000000, 0x0000000711200000|  0%| F|  |TAMS 0x0000000711000000| PB 0x0000000711000000| Untracked 
| 125|0x0000000711200000, 0x0000000711200000, 0x0000000711400000|  0%| F|  |TAMS 0x0000000711200000| PB 0x0000000711200000| Untracked 
| 126|0x0000000711400000, 0x0000000711400000, 0x0000000711600000|  0%| F|  |TAMS 0x0000000711400000| PB 0x0000000711400000| Untracked 
| 127|0x0000000711600000, 0x0000000711600000, 0x0000000711800000|  0%| F|  |TAMS 0x0000000711600000| PB 0x0000000711600000| Untracked 
| 128|0x0000000711800000, 0x0000000711800000, 0x0000000711a00000|  0%| F|  |TAMS 0x0000000711800000| PB 0x0000000711800000| Untracked 
| 129|0x0000000711a00000, 0x0000000711a00000, 0x0000000711c00000|  0%| F|  |TAMS 0x0000000711a00000| PB 0x0000000711a00000| Untracked 
| 130|0x0000000711c00000, 0x0000000711c00000, 0x0000000711e00000|  0%| F|  |TAMS 0x0000000711c00000| PB 0x0000000711c00000| Untracked 
| 131|0x0000000711e00000, 0x0000000711e00000, 0x0000000712000000|  0%| F|  |TAMS 0x0000000711e00000| PB 0x0000000711e00000| Untracked 
| 132|0x0000000712000000, 0x0000000712000000, 0x0000000712200000|  0%| F|  |TAMS 0x0000000712000000| PB 0x0000000712000000| Untracked 
| 133|0x0000000712200000, 0x0000000712200000, 0x0000000712400000|  0%| F|  |TAMS 0x0000000712200000| PB 0x0000000712200000| Untracked 
| 134|0x0000000712400000, 0x0000000712400000, 0x0000000712600000|  0%| F|  |TAMS 0x0000000712400000| PB 0x0000000712400000| Untracked 
| 135|0x0000000712600000, 0x0000000712600000, 0x0000000712800000|  0%| F|  |TAMS 0x0000000712600000| PB 0x0000000712600000| Untracked 
| 136|0x0000000712800000, 0x0000000712800000, 0x0000000712a00000|  0%| F|  |TAMS 0x0000000712800000| PB 0x0000000712800000| Untracked 
| 137|0x0000000712a00000, 0x0000000712a00000, 0x0000000712c00000|  0%| F|  |TAMS 0x0000000712a00000| PB 0x0000000712a00000| Untracked 
| 138|0x0000000712c00000, 0x0000000712c00000, 0x0000000712e00000|  0%| F|  |TAMS 0x0000000712c00000| PB 0x0000000712c00000| Untracked 
| 139|0x0000000712e00000, 0x0000000712e00000, 0x0000000713000000|  0%| F|  |TAMS 0x0000000712e00000| PB 0x0000000712e00000| Untracked 
| 140|0x0000000713000000, 0x0000000713000000, 0x0000000713200000|  0%| F|  |TAMS 0x0000000713000000| PB 0x0000000713000000| Untracked 
| 141|0x0000000713200000, 0x0000000713200000, 0x0000000713400000|  0%| F|  |TAMS 0x0000000713200000| PB 0x0000000713200000| Untracked 
| 142|0x0000000713400000, 0x0000000713400000, 0x0000000713600000|  0%| F|  |TAMS 0x0000000713400000| PB 0x0000000713400000| Untracked 
| 143|0x0000000713600000, 0x0000000713600000, 0x0000000713800000|  0%| F|  |TAMS 0x0000000713600000| PB 0x0000000713600000| Untracked 
| 144|0x0000000713800000, 0x0000000713800000, 0x0000000713a00000|  0%| F|  |TAMS 0x0000000713800000| PB 0x0000000713800000| Untracked 
| 145|0x0000000713a00000, 0x0000000713a00000, 0x0000000713c00000|  0%| F|  |TAMS 0x0000000713a00000| PB 0x0000000713a00000| Untracked 
| 146|0x0000000713c00000, 0x0000000713c00000, 0x0000000713e00000|  0%| F|  |TAMS 0x0000000713c00000| PB 0x0000000713c00000| Untracked 
| 147|0x0000000713e00000, 0x0000000713e00000, 0x0000000714000000|  0%| F|  |TAMS 0x0000000713e00000| PB 0x0000000713e00000| Untracked 
| 148|0x0000000714000000, 0x0000000714000000, 0x0000000714200000|  0%| F|  |TAMS 0x0000000714000000| PB 0x0000000714000000| Untracked 
| 149|0x0000000714200000, 0x0000000714200000, 0x0000000714400000|  0%| F|  |TAMS 0x0000000714200000| PB 0x0000000714200000| Untracked 
| 150|0x0000000714400000, 0x0000000714400000, 0x0000000714600000|  0%| F|  |TAMS 0x0000000714400000| PB 0x0000000714400000| Untracked 
| 151|0x0000000714600000, 0x0000000714600000, 0x0000000714800000|  0%| F|  |TAMS 0x0000000714600000| PB 0x0000000714600000| Untracked 
| 152|0x0000000714800000, 0x0000000714800000, 0x0000000714a00000|  0%| F|  |TAMS 0x0000000714800000| PB 0x0000000714800000| Untracked 
| 153|0x0000000714a00000, 0x0000000714a00000, 0x0000000714c00000|  0%| F|  |TAMS 0x0000000714a00000| PB 0x0000000714a00000| Untracked 
| 154|0x0000000714c00000, 0x0000000714c00000, 0x0000000714e00000|  0%| F|  |TAMS 0x0000000714c00000| PB 0x0000000714c00000| Untracked 
| 155|0x0000000714e00000, 0x0000000714e00000, 0x0000000715000000|  0%| F|  |TAMS 0x0000000714e00000| PB 0x0000000714e00000| Untracked 
| 156|0x0000000715000000, 0x0000000715000000, 0x0000000715200000|  0%| F|  |TAMS 0x0000000715000000| PB 0x0000000715000000| Untracked 
| 157|0x0000000715200000, 0x0000000715200000, 0x0000000715400000|  0%| F|  |TAMS 0x0000000715200000| PB 0x0000000715200000| Untracked 
| 158|0x0000000715400000, 0x0000000715400000, 0x0000000715600000|  0%| F|  |TAMS 0x0000000715400000| PB 0x0000000715400000| Untracked 
| 159|0x0000000715600000, 0x0000000715600000, 0x0000000715800000|  0%| F|  |TAMS 0x0000000715600000| PB 0x0000000715600000| Untracked 
| 160|0x0000000715800000, 0x0000000715800000, 0x0000000715a00000|  0%| F|  |TAMS 0x0000000715800000| PB 0x0000000715800000| Untracked 
| 161|0x0000000715a00000, 0x0000000715a00000, 0x0000000715c00000|  0%| F|  |TAMS 0x0000000715a00000| PB 0x0000000715a00000| Untracked 
| 162|0x0000000715c00000, 0x0000000715c00000, 0x0000000715e00000|  0%| F|  |TAMS 0x0000000715c00000| PB 0x0000000715c00000| Untracked 
| 163|0x0000000715e00000, 0x0000000715f67a18, 0x0000000716000000| 70%| E|  |TAMS 0x0000000715e00000| PB 0x0000000715e00000| Complete 
| 164|0x0000000716000000, 0x0000000716200000, 0x0000000716200000|100%| E|CS|TAMS 0x0000000716000000| PB 0x0000000716000000| Complete 
| 165|0x0000000716200000, 0x0000000716400000, 0x0000000716400000|100%| E|CS|TAMS 0x0000000716200000| PB 0x0000000716200000| Complete 
| 166|0x0000000716400000, 0x0000000716600000, 0x0000000716600000|100%| E|CS|TAMS 0x0000000716400000| PB 0x0000000716400000| Complete 
| 167|0x0000000716600000, 0x0000000716800000, 0x0000000716800000|100%| E|CS|TAMS 0x0000000716600000| PB 0x0000000716600000| Complete 
| 168|0x0000000716800000, 0x0000000716a00000, 0x0000000716a00000|100%| E|CS|TAMS 0x0000000716800000| PB 0x0000000716800000| Complete 
| 169|0x0000000716a00000, 0x0000000716c00000, 0x0000000716c00000|100%| E|CS|TAMS 0x0000000716a00000| PB 0x0000000716a00000| Complete 
| 170|0x0000000716c00000, 0x0000000716e00000, 0x0000000716e00000|100%| E|CS|TAMS 0x0000000716c00000| PB 0x0000000716c00000| Complete 
| 171|0x0000000716e00000, 0x0000000717000000, 0x0000000717000000|100%| E|CS|TAMS 0x0000000716e00000| PB 0x0000000716e00000| Complete 
| 172|0x0000000717000000, 0x0000000717200000, 0x0000000717200000|100%| E|CS|TAMS 0x0000000717000000| PB 0x0000000717000000| Complete 
| 173|0x0000000717200000, 0x0000000717400000, 0x0000000717400000|100%| E|CS|TAMS 0x0000000717200000| PB 0x0000000717200000| Complete 
|2021|0x00000007fe200000, 0x00000007fe400000, 0x00000007fe400000|100%| E|CS|TAMS 0x00000007fe200000| PB 0x00000007fe200000| Complete 
|2022|0x00000007fe400000, 0x00000007fe600000, 0x00000007fe600000|100%| E|CS|TAMS 0x00000007fe400000| PB 0x00000007fe400000| Complete 
|2023|0x00000007fe600000, 0x00000007fe800000, 0x00000007fe800000|100%| O|  |TAMS 0x00000007fe800000| PB 0x00000007fe600000| Untracked 
|2024|0x00000007fe800000, 0x00000007fea00000, 0x00000007fea00000|100%| O|  |TAMS 0x00000007fea00000| PB 0x00000007fe800000| Untracked 
|2025|0x00000007fea00000, 0x00000007fec00000, 0x00000007fec00000|100%| O|  |TAMS 0x00000007fec00000| PB 0x00000007fea00000| Untracked 
|2026|0x00000007fec00000, 0x00000007fee00000, 0x00000007fee00000|100%| O|  |TAMS 0x00000007fee00000| PB 0x00000007fec00000| Untracked 
|2027|0x00000007fee00000, 0x00000007ff000000, 0x00000007ff000000|100%| O|  |TAMS 0x00000007ff000000| PB 0x00000007fee00000| Untracked 
|2028|0x00000007ff000000, 0x00000007ff200000, 0x00000007ff200000|100%| O|  |TAMS 0x00000007ff200000| PB 0x00000007ff000000| Untracked 
|2029|0x00000007ff200000, 0x00000007ff400000, 0x00000007ff400000|100%| O|  |TAMS 0x00000007ff400000| PB 0x00000007ff200000| Untracked 
|2030|0x00000007ff400000, 0x00000007ff600000, 0x00000007ff600000|100%| O|  |TAMS 0x00000007ff600000| PB 0x00000007ff400000| Untracked 
|2031|0x00000007ff600000, 0x00000007ff800000, 0x00000007ff800000|100%| O|  |TAMS 0x00000007ff800000| PB 0x00000007ff600000| Untracked 
|2032|0x00000007ff800000, 0x00000007ffa00000, 0x00000007ffa00000|100%| O|  |TAMS 0x00000007ffa00000| PB 0x00000007ff800000| Untracked 
|2033|0x00000007ffa00000, 0x00000007ffc00000, 0x00000007ffc00000|100%| O|  |TAMS 0x00000007ffc00000| PB 0x00000007ffa00000| Untracked 
|2034|0x00000007ffc00000, 0x00000007ffe00000, 0x00000007ffe00000|100%| O|  |TAMS 0x00000007ffe00000| PB 0x00000007ffc00000| Untracked 
|2035|0x00000007ffe00000, 0x0000000800000000, 0x0000000800000000|100%| O|  |TAMS 0x0000000800000000| PB 0x00000007ffe00000| Untracked 

Card table byte_map: [0x0000020bb5b70000,0x0000020bb6370000] _byte_map_base: 0x0000020bb2364000

Marking Bits: (CMBitMap*) 0x0000020b9cdda330
 Bits: [0x0000020bb6370000, 0x0000020bba310000)

Polling page: 0x0000020b9c540000

Metaspace:

Usage:
  Non-class:     97.63 MB used.
      Class:     12.20 MB used.
       Both:    109.83 MB used.

Virtual space:
  Non-class space:      128.00 MB reserved,      98.44 MB ( 77%) committed,  2 nodes.
      Class space:        1.00 GB reserved,      12.88 MB (  1%) committed,  1 nodes.
             Both:        1.12 GB reserved,     111.31 MB ( 10%) committed. 

Chunk freelists:
   Non-Class:  13.64 MB
       Class:  3.16 MB
        Both:  16.80 MB

MaxMetaspaceSize: unlimited
CompressedClassSpaceSize: 1.00 GB
Initial GC threshold: 21.00 MB
Current GC threshold: 185.56 MB
CDS: off
 - commit_granule_bytes: 65536.
 - commit_granule_words: 8192.
 - virtual_space_node_default_size: 8388608.
 - enlarge_chunks_in_place: 1.
 - use_allocation_guard: 0.


Internal statistics:

num_allocs_failed_limit: 9.
num_arena_births: 1520.
num_arena_deaths: 356.
num_vsnodes_births: 3.
num_vsnodes_deaths: 0.
num_space_committed: 1781.
num_space_uncommitted: 1.
num_chunks_returned_to_freelist: 489.
num_chunks_taken_from_freelist: 4803.
num_chunk_merges: 131.
num_chunk_splits: 3249.
num_chunks_enlarged: 2170.
num_inconsistent_stats: 0.

CodeHeap 'non-profiled nmethods': size=120000Kb used=5652Kb max_used=10261Kb free=114347Kb
 bounds [0x0000020badb10000, 0x0000020bae570000, 0x0000020bb5040000]
CodeHeap 'profiled nmethods': size=120000Kb used=8720Kb max_used=25174Kb free=111279Kb
 bounds [0x0000020ba6040000, 0x0000020ba78e0000, 0x0000020bad570000]
CodeHeap 'non-nmethods': size=5760Kb used=2212Kb max_used=2324Kb free=3547Kb
 bounds [0x0000020bad570000, 0x0000020bad7e0000, 0x0000020badb10000]
CodeCache: size=245760Kb, used=16584Kb, max_used=37759Kb, free=229173Kb
 total_blobs=6942, nmethods=5801, adapters=1041, full_count=0
Compilation: enabled, stopped_count=0, restarted_count=0

Compilation events (20 events):
Event: 15928.476 Thread 0x0000020bc10dafa0 nmethod 27992 0x0000020ba6d86990 code [0x0000020ba6d86ba0, 0x0000020ba6d86f00]
Event: 15928.476 Thread 0x0000020bc10dafa0 27974       2       freemarker.ext.beans._MethodUtil::getAssignables (16 bytes)
Event: 15928.476 Thread 0x0000020bc10dafa0 nmethod 27974 0x0000020ba6d86490 code [0x0000020ba6d86640, 0x0000020ba6d86890]
Event: 15928.476 Thread 0x0000020bc10dafa0 28000       1       freemarker.ext.beans.OverloadedMethodsSubset::getUnwrappingHintsByParamCount (5 bytes)
Event: 15928.476 Thread 0x0000020bc10dafa0 nmethod 28000 0x0000020bae3d1e10 code [0x0000020bae3d1fa0, 0x0000020bae3d2070]
Event: 15928.476 Thread 0x0000020bc10dafa0 27983       2       freemarker.ext.beans.FastPropertyDescriptor::<init> (15 bytes)
Event: 15928.476 Thread 0x0000020bc10dafa0 nmethod 27983 0x0000020ba6d86090 code [0x0000020ba6d86240, 0x0000020ba6d86410]
Event: 15928.498 Thread 0x0000020bc10a1400 nmethod 27824 0x0000020badc00f10 code [0x0000020badc01200, 0x0000020badc02488]
Event: 15928.498 Thread 0x0000020bc10a1400 27888 %     4       com.st.microxplorer.mcu.IP::isRefParamDuplicated @ 51 (450 bytes)
Event: 15928.515 Thread 0x0000020bc10dafa0 28015       2       freemarker.core.FMParser$JJCalls::<init> (5 bytes)
Event: 15928.515 Thread 0x0000020bc10dafa0 nmethod 28015 0x0000020ba6d85d90 code [0x0000020ba6d85f20, 0x0000020ba6d86028]
Event: 15928.516 Thread 0x0000020bc10dafa0 28016   !   2       freemarker.core.FMParserTokenManager::jjMoveStringLiteralDfa2_4 (194 bytes)
Event: 15928.516 Thread 0x0000020bc10dafa0 nmethod 28016 0x0000020ba6d85490 code [0x0000020ba6d856c0, 0x0000020ba6d85b70]
Event: 15928.521 Thread 0x0000020bc10dafa0 28018       3       freemarker.core.NotExpression::isLiteral (8 bytes)
Event: 15928.521 Thread 0x0000020bc10dafa0 nmethod 28018 0x0000020ba6d85010 code [0x0000020ba6d851c0, 0x0000020ba6d853a0]
Event: 15928.650 Thread 0x0000020bc10dafa0 28023       2       freemarker.core.BooleanLiteral::<init> (10 bytes)
Event: 15928.650 Thread 0x0000020bc10dafa0 nmethod 28023 0x0000020ba6d84c90 code [0x0000020ba6d84e20, 0x0000020ba6d84f30]
Event: 15928.650 Thread 0x0000020bc10dafa0 28024       2       freemarker.core.BooleanLiteral::_eval (17 bytes)
Event: 15928.650 Thread 0x0000020bc10dafa0 nmethod 28024 0x0000020ba6d84910 code [0x0000020ba6d84aa0, 0x0000020ba6d84bc0]
Event: 15928.689 Thread 0x0000020bc10a1400 nmethod 27888% 0x0000020badbea290 code [0x0000020badbea6c0, 0x0000020badbee180]

GC Heap History (20 events):
Event: 5221.254 GC heap before
{Heap before GC invocations=455 (full 0):
 garbage-first heap   total 387072K, used 361211K [0x0000000701800000, 0x0000000800000000)
  region size 2048K, 68 young (139264K), 1 survivors (2048K)
 Metaspace       used 112295K, committed 113984K, reserved 1179648K
  class space    used 12483K, committed 13184K, reserved 1048576K
}
Event: 5221.259 GC heap after
{Heap after GC invocations=456 (full 0):
 garbage-first heap   total 387072K, used 223997K [0x0000000701800000, 0x0000000800000000)
  region size 2048K, 1 young (2048K), 1 survivors (2048K)
 Metaspace       used 112295K, committed 113984K, reserved 1179648K
  class space    used 12483K, committed 13184K, reserved 1048576K
}
Event: 5237.588 GC heap before
{Heap before GC invocations=456 (full 0):
 garbage-first heap   total 387072K, used 361213K [0x0000000701800000, 0x0000000800000000)
  region size 2048K, 68 young (139264K), 1 survivors (2048K)
 Metaspace       used 112295K, committed 113984K, reserved 1179648K
  class space    used 12483K, committed 13184K, reserved 1048576K
}
Event: 5237.590 GC heap after
{Heap after GC invocations=457 (full 0):
 garbage-first heap   total 387072K, used 223997K [0x0000000701800000, 0x0000000800000000)
  region size 2048K, 1 young (2048K), 1 survivors (2048K)
 Metaspace       used 112295K, committed 113984K, reserved 1179648K
  class space    used 12483K, committed 13184K, reserved 1048576K
}
Event: 5253.375 GC heap before
{Heap before GC invocations=458 (full 0):
 garbage-first heap   total 387072K, used 361213K [0x0000000701800000, 0x0000000800000000)
  region size 2048K, 68 young (139264K), 1 survivors (2048K)
 Metaspace       used 112295K, committed 113984K, reserved 1179648K
  class space    used 12483K, committed 13184K, reserved 1048576K
}
Event: 5253.377 GC heap after
{Heap after GC invocations=459 (full 0):
 garbage-first heap   total 387072K, used 223999K [0x0000000701800000, 0x0000000800000000)
  region size 2048K, 1 young (2048K), 1 survivors (2048K)
 Metaspace       used 112295K, committed 113984K, reserved 1179648K
  class space    used 12483K, committed 13184K, reserved 1048576K
}
Event: 5269.570 GC heap before
{Heap before GC invocations=459 (full 0):
 garbage-first heap   total 387072K, used 361215K [0x0000000701800000, 0x0000000800000000)
  region size 2048K, 68 young (139264K), 1 survivors (2048K)
 Metaspace       used 112295K, committed 113984K, reserved 1179648K
  class space    used 12483K, committed 13184K, reserved 1048576K
}
Event: 5269.572 GC heap after
{Heap after GC invocations=460 (full 0):
 garbage-first heap   total 387072K, used 223997K [0x0000000701800000, 0x0000000800000000)
  region size 2048K, 1 young (2048K), 1 survivors (2048K)
 Metaspace       used 112295K, committed 113984K, reserved 1179648K
  class space    used 12483K, committed 13184K, reserved 1048576K
}
Event: 5285.760 GC heap before
{Heap before GC invocations=461 (full 0):
 garbage-first heap   total 387072K, used 361213K [0x0000000701800000, 0x0000000800000000)
  region size 2048K, 68 young (139264K), 1 survivors (2048K)
 Metaspace       used 112295K, committed 113984K, reserved 1179648K
  class space    used 12483K, committed 13184K, reserved 1048576K
}
Event: 5285.761 GC heap after
{Heap after GC invocations=462 (full 0):
 garbage-first heap   total 387072K, used 223999K [0x0000000701800000, 0x0000000800000000)
  region size 2048K, 1 young (2048K), 1 survivors (2048K)
 Metaspace       used 112295K, committed 113984K, reserved 1179648K
  class space    used 12483K, committed 13184K, reserved 1048576K
}
Event: 5301.963 GC heap before
{Heap before GC invocations=462 (full 0):
 garbage-first heap   total 387072K, used 361215K [0x0000000701800000, 0x0000000800000000)
  region size 2048K, 68 young (139264K), 1 survivors (2048K)
 Metaspace       used 112295K, committed 113984K, reserved 1179648K
  class space    used 12483K, committed 13184K, reserved 1048576K
}
Event: 5301.965 GC heap after
{Heap after GC invocations=463 (full 0):
 garbage-first heap   total 387072K, used 223997K [0x0000000701800000, 0x0000000800000000)
  region size 2048K, 1 young (2048K), 1 survivors (2048K)
 Metaspace       used 112295K, committed 113984K, reserved 1179648K
  class space    used 12483K, committed 13184K, reserved 1048576K
}
Event: 5318.145 GC heap before
{Heap before GC invocations=464 (full 0):
 garbage-first heap   total 387072K, used 361213K [0x0000000701800000, 0x0000000800000000)
  region size 2048K, 68 young (139264K), 1 survivors (2048K)
 Metaspace       used 112295K, committed 113984K, reserved 1179648K
  class space    used 12483K, committed 13184K, reserved 1048576K
}
Event: 5318.146 GC heap after
{Heap after GC invocations=465 (full 0):
 garbage-first heap   total 387072K, used 223999K [0x0000000701800000, 0x0000000800000000)
  region size 2048K, 1 young (2048K), 1 survivors (2048K)
 Metaspace       used 112295K, committed 113984K, reserved 1179648K
  class space    used 12483K, committed 13184K, reserved 1048576K
}
Event: 5333.819 GC heap before
{Heap before GC invocations=465 (full 0):
 garbage-first heap   total 387072K, used 361215K [0x0000000701800000, 0x0000000800000000)
  region size 2048K, 68 young (139264K), 1 survivors (2048K)
 Metaspace       used 112295K, committed 113984K, reserved 1179648K
  class space    used 12483K, committed 13184K, reserved 1048576K
}
Event: 5333.820 GC heap after
{Heap after GC invocations=466 (full 0):
 garbage-first heap   total 387072K, used 223999K [0x0000000701800000, 0x0000000800000000)
  region size 2048K, 1 young (2048K), 1 survivors (2048K)
 Metaspace       used 112295K, committed 113984K, reserved 1179648K
  class space    used 12483K, committed 13184K, reserved 1048576K
}
Event: 15922.291 GC heap before
{Heap before GC invocations=467 (full 0):
 garbage-first heap   total 387072K, used 361215K [0x0000000701800000, 0x0000000800000000)
  region size 2048K, 68 young (139264K), 1 survivors (2048K)
 Metaspace       used 112340K, committed 113984K, reserved 1179648K
  class space    used 12483K, committed 13184K, reserved 1048576K
}
Event: 15922.299 GC heap after
{Heap after GC invocations=468 (full 0):
 garbage-first heap   total 387072K, used 224015K [0x0000000701800000, 0x0000000800000000)
  region size 2048K, 1 young (2048K), 1 survivors (2048K)
 Metaspace       used 112340K, committed 113984K, reserved 1179648K
  class space    used 12483K, committed 13184K, reserved 1048576K
}
Event: 15928.353 GC heap before
{Heap before GC invocations=468 (full 0):
 garbage-first heap   total 387072K, used 359183K [0x0000000701800000, 0x0000000800000000)
  region size 2048K, 68 young (139264K), 1 survivors (2048K)
 Metaspace       used 112454K, committed 113984K, reserved 1179648K
  class space    used 12491K, committed 13184K, reserved 1048576K
}
Event: 15928.361 GC heap after
{Heap after GC invocations=469 (full 0):
 garbage-first heap   total 387072K, used 225252K [0x0000000701800000, 0x0000000800000000)
  region size 2048K, 1 young (2048K), 1 survivors (2048K)
 Metaspace       used 112454K, committed 113984K, reserved 1179648K
  class space    used 12491K, committed 13184K, reserved 1048576K
}

Dll operation events (20 events):
Event: 0.021 Loaded shared library C:\Program Files\STMicroelectronics\STM32Cube\STM32CubeMX\jre\bin\java.dll
Event: 0.161 Loaded shared library C:\Program Files\STMicroelectronics\STM32Cube\STM32CubeMX\jre\bin\jsvml.dll
Event: 0.338 Loaded shared library C:\Program Files\STMicroelectronics\STM32Cube\STM32CubeMX\jre\bin\net.dll
Event: 0.347 Loaded shared library C:\Program Files\STMicroelectronics\STM32Cube\STM32CubeMX\jre\bin\nio.dll
Event: 0.421 Loaded shared library C:\Program Files\STMicroelectronics\STM32Cube\STM32CubeMX\jre\bin\zip.dll
Event: 0.505 Loaded shared library C:\Program Files\STMicroelectronics\STM32Cube\STM32CubeMX\jre\bin\jimage.dll
Event: 1.041 Loaded shared library C:\Program Files\STMicroelectronics\STM32Cube\STM32CubeMX\jre\bin\management.dll
Event: 1.069 Loaded shared library C:\Program Files\STMicroelectronics\STM32Cube\STM32CubeMX\jre\bin\management_ext.dll
Event: 3.037 Loaded shared library C:\Program Files\STMicroelectronics\STM32Cube\STM32CubeMX\jre\bin\awt.dll
Event: 3.499 Loaded shared library C:\Program Files\STMicroelectronics\STM32Cube\STM32CubeMX\jre\bin\freetype.dll
Event: 3.501 Loaded shared library C:\Program Files\STMicroelectronics\STM32Cube\STM32CubeMX\jre\bin\fontmanager.dll
Event: 3.728 Loaded shared library C:\Program Files\STMicroelectronics\STM32Cube\STM32CubeMX\jre\bin\verify.dll
Event: 3.884 Loaded shared library C:\Program Files\STMicroelectronics\STM32Cube\STM32CubeMX\jre\bin\prefs.dll
Event: 4.032 Loaded shared library C:\Users\makabaka\AppData\Local\Temp\jna-37226175\jna5410517578854854797.dll
Event: 8.065 Loaded shared library C:\Program Files\STMicroelectronics\STM32Cube\STM32CubeMX\jre\bin\sunmscapi.dll
Event: 8.354 Loaded shared library C:\Program Files\STMicroelectronics\STM32Cube\STM32CubeMX\jre\bin\extnet.dll
Event: 10.861 Loaded shared library C:\Program Files\STMicroelectronics\STM32Cube\STM32CubeMX\jre\bin\javajpeg.dll
Event: 13.773 Loaded shared library C:\Users\makabaka\.stm32cubemx\.jxbrowser-8.11.0\Chromium\toolkit64.dll
Event: 14.511 Loaded shared library C:\Users\makabaka\.stm32cubemx\.jxbrowser-8.11.0\Chromium\ipc64.dll
Event: 21.153 Loaded shared library C:\Users\makabaka\AppData\Local\Temp\sqlite-3.49.1.0-937ce295-2bfe-498c-b686-6b1ce6b15f2f-sqlitejdbc.dll

Deoptimization events (20 events):
Event: 15927.213 Thread 0x0000020bc5ef5ac0 DEOPT PACKING pc=0x0000020bae128c60 sp=0x000000b24fefe8d0
Event: 15927.213 Thread 0x0000020bc5ef5ac0 DEOPT UNPACKING pc=0x0000020bad5c46a2 sp=0x000000b24fefe7a0 mode 2
Event: 15927.214 Thread 0x0000020bc109eb10 Uncommon trap: trap_request=0xffffff45 fr.pc=0x0000020bae41fa8c relative=0x00000000000024ec
Event: 15927.214 Thread 0x0000020bc109eb10 Uncommon trap: reason=unstable_if action=reinterpret pc=0x0000020bae41fa8c method=sun.font.FontDesignMetrics.getMetrics(Ljava/awt/Font;Ljava/awt/font/FontRenderContext;)Lsun/font/FontDesignMetrics; @ 44 c2
Event: 15927.214 Thread 0x0000020bc109eb10 DEOPT PACKING pc=0x0000020bae41fa8c sp=0x000000b251dfc6f0
Event: 15927.214 Thread 0x0000020bc109eb10 DEOPT UNPACKING pc=0x0000020bad5c46a2 sp=0x000000b251dfc6c8 mode 2
Event: 15927.291 Thread 0x0000020bc5ef67e0 DEOPT PACKING pc=0x0000020ba72cc25f sp=0x000000b2520fe300
Event: 15927.291 Thread 0x0000020bc5ef67e0 DEOPT UNPACKING pc=0x0000020bad5c4e42 sp=0x000000b2520fd7c8 mode 0
Event: 15927.291 Thread 0x0000020bc5ef67e0 DEOPT PACKING pc=0x0000020ba72b4a71 sp=0x000000b2520fe860
Event: 15927.291 Thread 0x0000020bc5ef67e0 DEOPT UNPACKING pc=0x0000020bad5c4e42 sp=0x000000b2520fdd50 mode 0
Event: 15927.309 Thread 0x0000020bc5ef67e0 DEOPT PACKING pc=0x0000020ba72cc25f sp=0x000000b2520fd220
Event: 15927.309 Thread 0x0000020bc5ef67e0 DEOPT UNPACKING pc=0x0000020bad5c4e42 sp=0x000000b2520fc6e8 mode 0
Event: 15928.231 Thread 0x0000020bc5ef67e0 DEOPT PACKING pc=0x0000020ba6cc26a9 sp=0x000000b2520fd730
Event: 15928.231 Thread 0x0000020bc5ef67e0 DEOPT UNPACKING pc=0x0000020bad5c4e42 sp=0x000000b2520fcb40 mode 0
Event: 15928.262 Thread 0x0000020bc5ef67e0 DEOPT PACKING pc=0x0000020ba6cc26a9 sp=0x000000b2520fd560
Event: 15928.262 Thread 0x0000020bc5ef67e0 DEOPT UNPACKING pc=0x0000020bad5c4e42 sp=0x000000b2520fc970 mode 0
Event: 15928.398 Thread 0x0000020bc5ef67e0 DEOPT PACKING pc=0x0000020ba6cac0dc sp=0x000000b2520fe5f0
Event: 15928.398 Thread 0x0000020bc5ef67e0 DEOPT UNPACKING pc=0x0000020bad5c4e42 sp=0x000000b2520fdab8 mode 0
Event: 15928.688 Thread 0x0000020bc5ef67e0 DEOPT PACKING pc=0x0000020ba69c0880 sp=0x000000b2520fbd90
Event: 15928.688 Thread 0x0000020bc5ef67e0 DEOPT UNPACKING pc=0x0000020bad5c4e42 sp=0x000000b2520fb290 mode 0

Classes loaded (20 events):
Event: 1678.382 Loading class javax/swing/plaf/basic/BasicOptionPaneUI$ButtonActionListener
Event: 1678.382 Loading class javax/swing/plaf/basic/BasicOptionPaneUI$ButtonActionListener done
Event: 1678.383 Loading class javax/swing/plaf/basic/BasicOptionPaneUI$2
Event: 1678.383 Loading class javax/swing/plaf/basic/BasicOptionPaneUI$2 done
Event: 1678.384 Loading class javax/swing/plaf/basic/BasicOptionPaneUI$Handler
Event: 1678.384 Loading class javax/swing/plaf/basic/BasicOptionPaneUI$Handler done
Event: 1678.410 Loading class javax/swing/plaf/basic/BasicOptionPaneUI$Actions
Event: 1678.410 Loading class javax/swing/plaf/basic/BasicOptionPaneUI$Actions done
Event: 1678.411 Loading class javax/swing/plaf/basic/BasicLookAndFeel$AudioAction
Event: 1678.411 Loading class javax/sound/sampled/LineListener
Event: 1678.413 Loading class javax/sound/sampled/LineListener done
Event: 1678.414 Loading class javax/swing/plaf/basic/BasicLookAndFeel$AudioAction done
Event: 1678.442 Loading class javax/swing/JOptionPane$1
Event: 1678.442 Loading class javax/swing/JOptionPane$1 done
Event: 1678.442 Loading class javax/swing/JOptionPane$2
Event: 1678.443 Loading class javax/swing/JOptionPane$2 done
Event: 1678.443 Loading class javax/swing/JOptionPane$3
Event: 1678.444 Loading class javax/swing/JOptionPane$3 done
Event: 15924.224 Loading class java/awt/geom/Path2D$Float$CopyIterator
Event: 15924.230 Loading class java/awt/geom/Path2D$Float$CopyIterator done

Classes unloaded (20 events):
Event: 3919.228 Thread 0x0000020bbcd6dee0 Unloading class 0x00000008007ccc00 'java/lang/invoke/LambdaForm$MH+0x00000008007ccc00'
Event: 3919.228 Thread 0x0000020bbcd6dee0 Unloading class 0x00000008005b3c00 'java/lang/invoke/LambdaForm$MH+0x00000008005b3c00'
Event: 3919.228 Thread 0x0000020bbcd6dee0 Unloading class 0x00000008005b3000 'java/lang/invoke/LambdaForm$MH+0x00000008005b3000'
Event: 4626.013 Thread 0x0000020bbcd6dee0 Unloading class 0x0000000800c0c400 'java/lang/invoke/LambdaForm$MH+0x0000000800c0c400'
Event: 4626.013 Thread 0x0000020bbcd6dee0 Unloading class 0x0000000800c0bc00 'java/lang/invoke/LambdaForm$MH+0x0000000800c0bc00'
Event: 4626.013 Thread 0x0000020bbcd6dee0 Unloading class 0x0000000800c0b800 'java/lang/invoke/LambdaForm$MH+0x0000000800c0b800'
Event: 4626.013 Thread 0x0000020bbcd6dee0 Unloading class 0x0000000800c0ac00 'java/lang/invoke/LambdaForm$MH+0x0000000800c0ac00'
Event: 4626.013 Thread 0x0000020bbcd6dee0 Unloading class 0x0000000800c0a800 'java/lang/invoke/LambdaForm$MH+0x0000000800c0a800'
Event: 4626.013 Thread 0x0000020bbcd6dee0 Unloading class 0x0000000800c0a400 'java/lang/invoke/LambdaForm$MH+0x0000000800c0a400'
Event: 4626.013 Thread 0x0000020bbcd6dee0 Unloading class 0x0000000800c0a000 'java/lang/invoke/LambdaForm$MH+0x0000000800c0a000'
Event: 4626.013 Thread 0x0000020bbcd6dee0 Unloading class 0x0000000800c09c00 'java/lang/invoke/LambdaForm$MH+0x0000000800c09c00'
Event: 4626.013 Thread 0x0000020bbcd6dee0 Unloading class 0x0000000800c09800 'java/lang/invoke/LambdaForm$MH+0x0000000800c09800'
Event: 4626.013 Thread 0x0000020bbcd6dee0 Unloading class 0x0000000800c08c00 'java/lang/invoke/LambdaForm$MH+0x0000000800c08c00'
Event: 4626.013 Thread 0x0000020bbcd6dee0 Unloading class 0x0000000800c08800 'java/lang/invoke/LambdaForm$MH+0x0000000800c08800'
Event: 4626.013 Thread 0x0000020bbcd6dee0 Unloading class 0x0000000800c08400 'java/lang/invoke/LambdaForm$MH+0x0000000800c08400'
Event: 4626.013 Thread 0x0000020bbcd6dee0 Unloading class 0x0000000800c08000 'java/lang/invoke/LambdaForm$MH+0x0000000800c08000'
Event: 4626.013 Thread 0x0000020bbcd6dee0 Unloading class 0x0000000800ad2000 'java/lang/invoke/LambdaForm$MH+0x0000000800ad2000'
Event: 4626.013 Thread 0x0000020bbcd6dee0 Unloading class 0x0000000800ad0800 'java/lang/invoke/LambdaForm$MH+0x0000000800ad0800'
Event: 4626.014 Thread 0x0000020bbcd6dee0 Unloading class 0x0000000800364000 'java/lang/invoke/LambdaForm$MH+0x0000000800364000'
Event: 4626.014 Thread 0x0000020bbcd6dee0 Unloading class 0x000000080035c400 'java/lang/invoke/LambdaForm$MH+0x000000080035c400'

Classes redefined (0 events):
No events

Internal exceptions (20 events):
Event: 15927.595 Thread 0x0000020bc5ef67e0 Exception <a 'java/io/IOException'{0x00000007112ba768}> (0x00000007112ba768) 
thrown [s\src\hotspot\share\prims\jni.cpp, line 520]
Event: 15927.595 Thread 0x0000020bc5ef67e0 Exception <a 'java/io/IOException'{0x00000007112bad28}> (0x00000007112bad28) 
thrown [s\src\hotspot\share\prims\jni.cpp, line 520]
Event: 15927.595 Thread 0x0000020bc5ef67e0 Exception <a 'java/io/IOException'{0x00000007112bbb88}> (0x00000007112bbb88) 
thrown [s\src\hotspot\share\prims\jni.cpp, line 520]
Event: 15927.595 Thread 0x0000020bc5ef67e0 Exception <a 'java/io/IOException'{0x00000007112bc148}> (0x00000007112bc148) 
thrown [s\src\hotspot\share\prims\jni.cpp, line 520]
Event: 15927.595 Thread 0x0000020bc5ef67e0 Exception <a 'java/io/IOException'{0x00000007112bcf78}> (0x00000007112bcf78) 
thrown [s\src\hotspot\share\prims\jni.cpp, line 520]
Event: 15927.595 Thread 0x0000020bc5ef67e0 Exception <a 'java/io/IOException'{0x00000007112bd538}> (0x00000007112bd538) 
thrown [s\src\hotspot\share\prims\jni.cpp, line 520]
Event: 15927.595 Thread 0x0000020bc5ef67e0 Exception <a 'java/io/IOException'{0x00000007112be398}> (0x00000007112be398) 
thrown [s\src\hotspot\share\prims\jni.cpp, line 520]
Event: 15927.595 Thread 0x0000020bc5ef67e0 Exception <a 'java/io/IOException'{0x00000007112be958}> (0x00000007112be958) 
thrown [s\src\hotspot\share\prims\jni.cpp, line 520]
Event: 15927.595 Thread 0x0000020bc5ef67e0 Exception <a 'java/io/IOException'{0x00000007112bf788}> (0x00000007112bf788) 
thrown [s\src\hotspot\share\prims\jni.cpp, line 520]
Event: 15927.595 Thread 0x0000020bc5ef67e0 Exception <a 'java/io/IOException'{0x00000007112bfd48}> (0x00000007112bfd48) 
thrown [s\src\hotspot\share\prims\jni.cpp, line 520]
Event: 15927.596 Thread 0x0000020bc5ef67e0 Exception <a 'java/io/IOException'{0x00000007112c0ba0}> (0x00000007112c0ba0) 
thrown [s\src\hotspot\share\prims\jni.cpp, line 520]
Event: 15927.596 Thread 0x0000020bc5ef67e0 Exception <a 'java/io/IOException'{0x00000007112c1160}> (0x00000007112c1160) 
thrown [s\src\hotspot\share\prims\jni.cpp, line 520]
Event: 15927.596 Thread 0x0000020bc5ef67e0 Exception <a 'java/io/IOException'{0x00000007112c1f88}> (0x00000007112c1f88) 
thrown [s\src\hotspot\share\prims\jni.cpp, line 520]
Event: 15927.596 Thread 0x0000020bc5ef67e0 Exception <a 'java/io/IOException'{0x00000007112c2548}> (0x00000007112c2548) 
thrown [s\src\hotspot\share\prims\jni.cpp, line 520]
Event: 15927.843 Thread 0x0000020bc5ef67e0 Exception <a 'java/io/IOException'{0x000000070fe4b3d0}> (0x000000070fe4b3d0) 
thrown [s\src\hotspot\share\prims\jni.cpp, line 520]
Event: 15927.843 Thread 0x0000020bc5ef67e0 Exception <a 'java/io/IOException'{0x000000070fe4b990}> (0x000000070fe4b990) 
thrown [s\src\hotspot\share\prims\jni.cpp, line 520]
Event: 15928.287 Thread 0x0000020bc5ef67e0 Exception <a 'java/io/IOException'{0x000000070f6868d0}> (0x000000070f6868d0) 
thrown [s\src\hotspot\share\prims\jni.cpp, line 520]
Event: 15928.287 Thread 0x0000020bc5ef67e0 Exception <a 'java/io/IOException'{0x000000070f686e90}> (0x000000070f686e90) 
thrown [s\src\hotspot\share\prims\jni.cpp, line 520]
Event: 15928.448 Thread 0x0000020bc5ef67e0 Exception <a 'java/io/IOException'{0x00000007fe358ee0}> (0x00000007fe358ee0) 
thrown [s\src\hotspot\share\prims\jni.cpp, line 520]
Event: 15928.449 Thread 0x0000020bc5ef67e0 Exception <a 'java/io/IOException'{0x00000007fe3594a0}> (0x00000007fe3594a0) 
thrown [s\src\hotspot\share\prims\jni.cpp, line 520]

ZGC Phase Switch (0 events):
No events

VM Operations (20 events):
Event: 13614.604 Executing VM operation: Cleanup
Event: 13614.604 Executing VM operation: Cleanup done
Event: 15415.536 Executing VM operation: Cleanup
Event: 15415.536 Executing VM operation: Cleanup done
Event: 15921.799 Executing VM operation: Cleanup
Event: 15921.799 Executing VM operation: Cleanup done
Event: 15922.291 Executing VM operation: G1CollectForAllocation (G1 Evacuation Pause)
Event: 15922.299 Executing VM operation: G1CollectForAllocation (G1 Evacuation Pause) done
Event: 15924.300 Executing VM operation: Cleanup
Event: 15924.300 Executing VM operation: Cleanup done
Event: 15925.875 Executing VM operation: ICBufferFull
Event: 15925.875 Executing VM operation: ICBufferFull done
Event: 15926.631 Executing VM operation: ICBufferFull
Event: 15926.632 Executing VM operation: ICBufferFull done
Event: 15927.194 Executing VM operation: ICBufferFull
Event: 15927.195 Executing VM operation: ICBufferFull done
Event: 15927.575 Executing VM operation: ICBufferFull
Event: 15927.575 Executing VM operation: ICBufferFull done
Event: 15928.353 Executing VM operation: G1CollectForAllocation (G1 Evacuation Pause)
Event: 15928.362 Executing VM operation: G1CollectForAllocation (G1 Evacuation Pause) done

Memory protections (0 events):
No events

Nmethod flushes (20 events):
Event: 4015.247 Thread 0x0000020bbcd6dee0 flushing  nmethod 0x0000020ba62b1610
Event: 4015.247 Thread 0x0000020bbcd6dee0 flushing  nmethod 0x0000020ba78a6390
Event: 4015.247 Thread 0x0000020bbcd6dee0 flushing  nmethod 0x0000020ba6349990
Event: 4015.247 Thread 0x0000020bbcd6dee0 flushing  nmethod 0x0000020ba6158610
Event: 4015.247 Thread 0x0000020bbcd6dee0 flushing  nmethod 0x0000020ba60fa990
Event: 4063.797 Thread 0x0000020bbcd6dee0 flushing  nmethod 0x0000020ba6536590
Event: 4063.797 Thread 0x0000020bbcd6dee0 flushing  nmethod 0x0000020ba6210310
Event: 4063.797 Thread 0x0000020bbcd6dee0 flushing  nmethod 0x0000020ba621eb10
Event: 4063.797 Thread 0x0000020bbcd6dee0 flushing  nmethod 0x0000020ba6493e90
Event: 4144.164 Thread 0x0000020bbcd6dee0 flushing  nmethod 0x0000020ba6150a90
Event: 4144.164 Thread 0x0000020bbcd6dee0 flushing  nmethod 0x0000020ba6255890
Event: 4144.164 Thread 0x0000020bbcd6dee0 flushing  nmethod 0x0000020ba6103c90
Event: 4176.052 Thread 0x0000020bbcd6dee0 flushing  nmethod 0x0000020ba7128410
Event: 4208.363 Thread 0x0000020bbcd6dee0 flushing  nmethod 0x0000020ba609c110
Event: 4208.363 Thread 0x0000020bbcd6dee0 flushing  nmethod 0x0000020ba6795d90
Event: 4433.370 Thread 0x0000020bbcd6dee0 flushing  nmethod 0x0000020ba6098410
Event: 4465.732 Thread 0x0000020bbcd6dee0 flushing  nmethod 0x0000020ba64f7810
Event: 4658.398 Thread 0x0000020bbcd6dee0 flushing  nmethod 0x0000020ba61c8e10
Event: 4819.154 Thread 0x0000020bbcd6dee0 flushing  nmethod 0x0000020ba71cf310
Event: 5076.746 Thread 0x0000020bbcd6dee0 flushing  nmethod 0x0000020ba72dcc10

Events (20 events):
Event: 15921.569 Thread 0x0000020bc10dafa0 Thread added: 0x0000020bc5bda3c0
Event: 15921.863 Thread 0x0000020bc10dafa0 Thread added: 0x0000020bc5bdcca0
Event: 15922.804 Thread 0x0000020bc5bdcca0 Thread exited: 0x0000020bc5bdcca0
Event: 15924.132 Thread 0x0000020bc5bda3c0 Thread exited: 0x0000020bc5bda3c0
Event: 15924.133 Thread 0x0000020bc10a1400 Thread added: 0x0000020bc5bdb160
Event: 15924.133 Thread 0x0000020bc10a1400 Thread added: 0x0000020bc5bdcca0
Event: 15925.321 Thread 0x0000020bc5bdb160 Thread exited: 0x0000020bc5bdb160
Event: 15925.321 Thread 0x0000020bc5bdcca0 Thread exited: 0x0000020bc5bdcca0
Event: 15925.422 Thread 0x0000020bc10dafa0 Thread added: 0x0000020bc5bda3c0
Event: 15925.450 Thread 0x0000020bc10dafa0 Thread added: 0x0000020bc5bdcca0
Event: 15926.047 Thread 0x0000020bc109eb10 Thread added: 0x0000020bc5ef5ac0
Event: 15926.140 Thread 0x0000020bc5ef5ac0 Thread added: 0x0000020bc5ef95d0
Event: 15926.140 Thread 0x0000020bc5ef95d0 Thread exited: 0x0000020bc5ef95d0
Event: 15927.040 Thread 0x0000020bc109eb10 Thread added: 0x0000020bc5ef67e0
Event: 15927.084 Thread 0x0000020bc5ef5ac0 Thread added: 0x0000020bc5ef6150
Event: 15927.089 Thread 0x0000020bc5ef6150 Thread exited: 0x0000020bc5ef6150
Event: 15927.161 Thread 0x0000020bc5ef5ac0 Thread added: 0x0000020bc5ef4da0
Event: 15927.174 Thread 0x0000020bc5ef4da0 Thread exited: 0x0000020bc5ef4da0
Event: 15927.199 Thread 0x0000020bc5ef5ac0 Thread added: 0x0000020bc5ef4da0
Event: 15927.373 Thread 0x0000020bc5ef5ac0 Thread exited: 0x0000020bc5ef5ac0


Dynamic libraries:
0x00007ff703c60000 - 0x00007ff703c6e000 	C:\Program Files\STMicroelectronics\STM32Cube\STM32CubeMX\jre\bin\javaw.exe
0x00007fff59590000 - 0x00007fff59788000 	C:\WINDOWS\SYSTEM32\ntdll.dll
0x00007fff58e70000 - 0x00007fff58f32000 	C:\WINDOWS\System32\KERNEL32.DLL
0x00007fff56ef0000 - 0x00007fff571e6000 	C:\WINDOWS\System32\KERNELBASE.dll
0x00007fff574b0000 - 0x00007fff575b0000 	C:\WINDOWS\System32\ucrtbase.dll
0x00007fff520a0000 - 0x00007fff520be000 	C:\Program Files\STMicroelectronics\STM32Cube\STM32CubeMX\jre\bin\VCRUNTIME140.dll
0x00007fff52080000 - 0x00007fff52098000 	C:\Program Files\STMicroelectronics\STM32Cube\STM32CubeMX\jre\bin\jli.dll
0x00007fff58cc0000 - 0x00007fff58e61000 	C:\WINDOWS\System32\USER32.dll
0x00007fff571f0000 - 0x00007fff57212000 	C:\WINDOWS\System32\win32u.dll
0x00007fff42650000 - 0x00007fff428eb000 	C:\WINDOWS\WinSxS\amd64_microsoft.windows.common-controls_6595b64144ccf1df_6.0.19041.6456_none_60b8a6cb71f64256\COMCTL32.dll
0x00007fff59490000 - 0x00007fff594bb000 	C:\WINDOWS\System32\GDI32.dll
0x00007fff58130000 - 0x00007fff581ce000 	C:\WINDOWS\System32\msvcrt.dll
0x00007fff572d0000 - 0x00007fff573e9000 	C:\WINDOWS\System32\gdi32full.dll
0x00007fff56c70000 - 0x00007fff56d0d000 	C:\WINDOWS\System32\msvcp_win.dll
0x00007fff593b0000 - 0x00007fff593df000 	C:\WINDOWS\System32\IMM32.DLL
0x00007fff52070000 - 0x00007fff5207c000 	C:\Program Files\STMicroelectronics\STM32Cube\STM32CubeMX\jre\bin\vcruntime140_1.dll
0x00007fff4f970000 - 0x00007fff4f9fd000 	C:\Program Files\STMicroelectronics\STM32Cube\STM32CubeMX\jre\bin\msvcp140.dll
0x00007ffe8a660000 - 0x00007ffe8b3f7000 	C:\Program Files\STMicroelectronics\STM32Cube\STM32CubeMX\jre\bin\server\jvm.dll
0x00007fff58a10000 - 0x00007fff58ac1000 	C:\WINDOWS\System32\ADVAPI32.dll
0x00007fff57e40000 - 0x00007fff57edf000 	C:\WINDOWS\System32\sechost.dll
0x00007fff575b0000 - 0x00007fff576d0000 	C:\WINDOWS\System32\RPCRT4.dll
0x00007fff57480000 - 0x00007fff574a7000 	C:\WINDOWS\System32\bcrypt.dll
0x00007fff58730000 - 0x00007fff5879b000 	C:\WINDOWS\System32\WS2_32.dll
0x00007fff569d0000 - 0x00007fff56a1b000 	C:\WINDOWS\SYSTEM32\POWRPROF.dll
0x00007fff42230000 - 0x00007fff42257000 	C:\WINDOWS\SYSTEM32\WINMM.dll
0x00007fff4f500000 - 0x00007fff4f50a000 	C:\WINDOWS\SYSTEM32\VERSION.dll
0x00007fff569b0000 - 0x00007fff569c2000 	C:\WINDOWS\SYSTEM32\UMPDC.dll
0x00007fff55460000 - 0x00007fff55472000 	C:\WINDOWS\SYSTEM32\kernel.appcore.dll
0x00007fff52030000 - 0x00007fff5203a000 	C:\Program Files\STMicroelectronics\STM32Cube\STM32CubeMX\jre\bin\jimage.dll
0x00007fff54f60000 - 0x00007fff55161000 	C:\WINDOWS\SYSTEM32\DBGHELP.DLL
0x00007fff3d580000 - 0x00007fff3d5b4000 	C:\WINDOWS\SYSTEM32\dbgcore.DLL
0x00007fff573f0000 - 0x00007fff57472000 	C:\WINDOWS\System32\bcryptPrimitives.dll
0x00007fff4f950000 - 0x00007fff4f96f000 	C:\Program Files\STMicroelectronics\STM32Cube\STM32CubeMX\jre\bin\java.dll
0x00007fff576d0000 - 0x00007fff57e40000 	C:\WINDOWS\System32\SHELL32.dll
0x00007fff53e50000 - 0x00007fff545f5000 	C:\WINDOWS\SYSTEM32\windows.storage.dll
0x00007fff581d0000 - 0x00007fff58524000 	C:\WINDOWS\System32\combase.dll
0x00007fff56570000 - 0x00007fff5659b000 	C:\WINDOWS\SYSTEM32\Wldp.dll
0x00007fff58b30000 - 0x00007fff58bfd000 	C:\WINDOWS\System32\OLEAUT32.dll
0x00007fff58c00000 - 0x00007fff58cad000 	C:\WINDOWS\System32\SHCORE.dll
0x00007fff589b0000 - 0x00007fff58a0b000 	C:\WINDOWS\System32\shlwapi.dll
0x00007fff56b50000 - 0x00007fff56b74000 	C:\WINDOWS\SYSTEM32\profapi.dll
0x00007fff19e60000 - 0x00007fff19f37000 	C:\Program Files\STMicroelectronics\STM32Cube\STM32CubeMX\jre\bin\jsvml.dll
0x00007fff52020000 - 0x00007fff52030000 	C:\Program Files\STMicroelectronics\STM32Cube\STM32CubeMX\jre\bin\net.dll
0x00007fff4e6e0000 - 0x00007fff4e7ea000 	C:\WINDOWS\SYSTEM32\WINHTTP.dll
0x00007fff562d0000 - 0x00007fff5633a000 	C:\WINDOWS\system32\mswsock.dll
0x00007fff4f930000 - 0x00007fff4f946000 	C:\Program Files\STMicroelectronics\STM32Cube\STM32CubeMX\jre\bin\nio.dll
0x00007fff4f910000 - 0x00007fff4f928000 	C:\Program Files\STMicroelectronics\STM32Cube\STM32CubeMX\jre\bin\zip.dll
0x00007fff4f900000 - 0x00007fff4f90a000 	C:\Program Files\STMicroelectronics\STM32Cube\STM32CubeMX\jre\bin\management.dll
0x00007fff4f8f0000 - 0x00007fff4f8fb000 	C:\Program Files\STMicroelectronics\STM32Cube\STM32CubeMX\jre\bin\management_ext.dll
0x00007fff58cb0000 - 0x00007fff58cb8000 	C:\WINDOWS\System32\PSAPI.DLL
0x00007fff31cb0000 - 0x00007fff31cc7000 	C:\WINDOWS\system32\napinsp.dll
0x00007fff31c90000 - 0x00007fff31cab000 	C:\WINDOWS\system32\pnrpnsp.dll
0x00007fff52630000 - 0x00007fff5264d000 	C:\WINDOWS\system32\wshbth.dll
0x00007fff4f890000 - 0x00007fff4f8ad000 	C:\WINDOWS\system32\NLAapi.dll
0x00007fff55fb0000 - 0x00007fff55feb000 	C:\WINDOWS\SYSTEM32\IPHLPAPI.DLL
0x00007fff55ff0000 - 0x00007fff560ba000 	C:\WINDOWS\SYSTEM32\DNSAPI.dll
0x00007fff586c0000 - 0x00007fff586c8000 	C:\WINDOWS\System32\NSI.dll
0x00007fff31890000 - 0x00007fff318a2000 	C:\WINDOWS\System32\winrnr.dll
0x00007fff4e990000 - 0x00007fff4e99a000 	C:\Windows\System32\rasadhlp.dll
0x00007fff46d30000 - 0x00007fff46db0000 	C:\WINDOWS\System32\fwpuclnt.dll
0x00007ffe8a040000 - 0x00007ffe8a1ce000 	C:\Program Files\STMicroelectronics\STM32Cube\STM32CubeMX\jre\bin\awt.dll
0x00007fff564d0000 - 0x00007fff564e8000 	C:\WINDOWS\SYSTEM32\CRYPTSP.dll
0x00007fff55bf0000 - 0x00007fff55c28000 	C:\WINDOWS\system32\rsaenh.dll
0x00007fff56b10000 - 0x00007fff56b3e000 	C:\WINDOWS\SYSTEM32\USERENV.dll
0x00007fff564c0000 - 0x00007fff564cc000 	C:\WINDOWS\SYSTEM32\CRYPTBASE.dll
0x00007fff535e0000 - 0x00007fff5367e000 	C:\WINDOWS\system32\uxtheme.dll
0x00007fff57ee0000 - 0x00007fff57ff5000 	C:\WINDOWS\System32\MSCTF.dll
0x00007fff58000000 - 0x00007fff5812b000 	C:\WINDOWS\System32\ole32.dll
0x00007fff53870000 - 0x00007fff5389e000 	C:\WINDOWS\system32\DWMAPI.DLL
0x00007fff387d0000 - 0x00007fff388f8000 	C:\WINDOWS\system32\opengl32.dll
0x00007fff387a0000 - 0x00007fff387cc000 	C:\WINDOWS\SYSTEM32\GLU32.dll
0x00007fff152f0000 - 0x00007fff15377000 	C:\Program Files\STMicroelectronics\STM32Cube\STM32CubeMX\jre\bin\freetype.dll
0x00007fff05ef0000 - 0x00007fff05fdb000 	C:\Program Files\STMicroelectronics\STM32Cube\STM32CubeMX\jre\bin\fontmanager.dll
0x00007fff4f8e0000 - 0x00007fff4f8f0000 	C:\Program Files\STMicroelectronics\STM32Cube\STM32CubeMX\jre\bin\verify.dll
0x00007fff4f8d0000 - 0x00007fff4f8d9000 	C:\Program Files\STMicroelectronics\STM32Cube\STM32CubeMX\jre\bin\prefs.dll
0x00007fff150b0000 - 0x00007fff150f1000 	C:\Users\makabaka\AppData\Local\Temp\jna-37226175\jna5410517578854854797.dll
0x00007fff4e270000 - 0x00007fff4e27e000 	C:\Program Files\STMicroelectronics\STM32Cube\STM32CubeMX\jre\bin\sunmscapi.dll
0x00007fff56d10000 - 0x00007fff56e6d000 	C:\WINDOWS\System32\CRYPT32.dll
0x00007fff56650000 - 0x00007fff56677000 	C:\WINDOWS\SYSTEM32\ncrypt.dll
0x00007fff565a0000 - 0x00007fff565db000 	C:\WINDOWS\SYSTEM32\NTASN1.dll
0x00007fff56770000 - 0x00007fff56782000 	C:\WINDOWS\SYSTEM32\MSASN1.dll
0x00007fff55430000 - 0x00007fff55453000 	C:\WINDOWS\SYSTEM32\gpapi.dll
0x00007fff30740000 - 0x00007fff3079c000 	C:\WINDOWS\system32\ncryptprov.dll
0x00007fff4e260000 - 0x00007fff4e269000 	C:\Program Files\STMicroelectronics\STM32Cube\STM32CubeMX\jre\bin\extnet.dll
0x00007fff19110000 - 0x00007fff1913e000 	C:\Program Files\STMicroelectronics\STM32Cube\STM32CubeMX\jre\bin\javajpeg.dll
0x00007fff55e40000 - 0x00007fff55e73000 	C:\WINDOWS\SYSTEM32\ntmarta.dll
0x00007fff593e0000 - 0x00007fff59489000 	C:\WINDOWS\System32\clbcatq.dll
0x00007fff53390000 - 0x00007fff53546000 	C:\WINDOWS\SYSTEM32\WindowsCodecs.dll
0x00007fff1d9b0000 - 0x00007fff1d9ee000 	C:\WINDOWS\system32\dataexchange.dll
0x00007fff4ff20000 - 0x00007fff50104000 	C:\WINDOWS\system32\dcomp.dll
0x00007fff55170000 - 0x00007fff553d4000 	C:\WINDOWS\system32\d3d11.dll
0x00007fff554a0000 - 0x00007fff55596000 	C:\WINDOWS\system32\dxgi.dll
0x00007fff4e9a0000 - 0x00007fff4eba3000 	C:\WINDOWS\system32\twinapi.appcore.dll
0x00007fff46350000 - 0x00007fff46449000 	C:\WINDOWS\SYSTEM32\textinputframework.dll
0x00007fff501c0000 - 0x00007fff5051b000 	C:\WINDOWS\System32\CoreUIComponents.dll
0x00007fff50cf0000 - 0x00007fff50de2000 	C:\WINDOWS\System32\CoreMessaging.dll
0x00007fff52700000 - 0x00007fff52857000 	C:\WINDOWS\SYSTEM32\wintypes.dll
0x00007fff42410000 - 0x00007fff42476000 	C:\WINDOWS\system32\Oleacc.dll
0x00007ffe8b840000 - 0x00007ffe8b939000 	C:\Users\makabaka\.stm32cubemx\.jxbrowser-8.11.0\Chromium\toolkit64.dll
0x00007ffe8a570000 - 0x00007ffe8a660000 	C:\Users\makabaka\.stm32cubemx\.jxbrowser-8.11.0\Chromium\ipc64.dll
0x00007ffe755c0000 - 0x00007ffe756ba000 	C:\Users\makabaka\AppData\Local\Temp\sqlite-3.49.1.0-937ce295-2bfe-498c-b686-6b1ce6b15f2f-sqlitejdbc.dll
0x00007fff42f00000 - 0x00007fff42fac000 	C:\WINDOWS\SYSTEM32\TextShaping.dll

JVMTI agents: none

dbghelp: loaded successfully - version: 4.0.5 - missing functions: none
symbol engine: initialized successfully - sym options: 0x614 - pdb path: .;C:\Program Files\STMicroelectronics\STM32Cube\STM32CubeMX\jre\bin;C:\WINDOWS\SYSTEM32;C:\WINDOWS\WinSxS\amd64_microsoft.windows.common-controls_6595b64144ccf1df_6.0.19041.6456_none_60b8a6cb71f64256;C:\Program Files\STMicroelectronics\STM32Cube\STM32CubeMX\jre\bin\server;C:\Users\makabaka\AppData\Local\Temp\jna-37226175;C:\Users\makabaka\.stm32cubemx\.jxbrowser-8.11.0\Chromium;C:\Users\makabaka\AppData\Local\Temp

VM Arguments:
jvm_args: -Djavax.net.ssl.trustStoreType=WINDOWS-ROOT -Dsun.java2d.d3d=false --add-exports=java.desktop/sun.awt=ALL-UNNAMED --add-opens=java.desktop/java.awt=ALL-UNNAMED -Dfile.encoding=UTF8 
java_command: com.st.microxplorer.maingui.STM32CubeMX C:\Users\makabaka\Desktop\Head_limit\Head_limit.ioc
java_class_path (initial): C:\Program Files\STMicroelectronics\STM32Cube\STM32CubeMX\STM32CubeMX.exe;anything
Launcher Type: SUN_STANDARD

[Global flags]
     intx CICompilerCount                          = 4                                         {product} {ergonomic}
     uint ConcGCThreads                            = 2                                         {product} {ergonomic}
     uint G1ConcRefinementThreads                  = 8                                         {product} {ergonomic}
   size_t G1HeapRegionSize                         = 2097152                                   {product} {ergonomic}
    uintx GCDrainStackTargetSize                   = 64                                        {product} {ergonomic}
   size_t InitialHeapSize                          = 268435456                                 {product} {ergonomic}
   size_t MarkStackSize                            = 4194304                                   {product} {ergonomic}
   size_t MaxHeapSize                              = 4269801472                                {product} {ergonomic}
   size_t MaxNewSize                               = 2560622592                                {product} {ergonomic}
   size_t MinHeapDeltaBytes                        = 2097152                                   {product} {ergonomic}
   size_t MinHeapSize                              = 8388608                                   {product} {ergonomic}
    uintx NonNMethodCodeHeapSize                   = 5839372                                {pd product} {ergonomic}
    uintx NonProfiledCodeHeapSize                  = 122909434                              {pd product} {ergonomic}
    uintx ProfiledCodeHeapSize                     = 122909434                              {pd product} {ergonomic}
    uintx ReservedCodeCacheSize                    = 251658240                              {pd product} {ergonomic}
     bool SegmentedCodeCache                       = true                                      {product} {ergonomic}
   size_t SoftMaxHeapSize                          = 4269801472                             {manageable} {ergonomic}
     bool UseCompressedOops                        = true                           {product lp64_product} {ergonomic}
     bool UseG1GC                                  = true                                      {product} {ergonomic}
     bool UseLargePagesIndividualAllocation        = false                                  {pd product} {ergonomic}

Logging:
Log output configuration:
 #0: stdout all=warning uptime,level,tags foldmultilines=false
 #1: stderr all=off uptime,level,tags foldmultilines=false

Environment Variables:
PATH=C:\Program Files\STMicroelectronics\STM32Cube\STM32CubeMX\;C:\Program Files (x86)\NVIDIA Corporation\PhysX\Common;C:\Program Files (x86)\STMicroelectronics\stlink_server;C:\ST\STM32CubeCLT_1.18.0;C:\ST\STM32CubeCLT_1.18.0\CMake\bin;C:\ST\STM32CubeCLT_1.18.0\Ninja\bin;C:\ST\STM32CubeCLT_1.18.0\GNU-tools-for-STM32\bin;C:\ST\STM32CubeCLT_1.18.0\STLink-gdb-server\bin;C:\ST\STM32CubeCLT_1.18.0\STM32CubeProgrammer\bin;C:\Program Files (x86)\Common Files\Oracle\Java\java8path;C:\Program Files (x86)\Common Files\Oracle\Java\javapath;C:\Program Files (x86)\Intel\Intel(R) Management Engine Components\iCLS\;C:\Program Files\Intel\Intel(R) Management Engine Components\iCLS\;C:\WINDOWS\system32;C:\WINDOWS;C:\WINDOWS\System32\Wbem;C:\WINDOWS\System32\WindowsPowerShell\v1.0\;C:\Program Files (x86)\Intel\Intel(R) Management Engine Components\DAL;C:\Program Files\Intel\Intel(R) Management Engine Components\DAL;C:\Program Files (x86)\Intel\Intel(R) Management Engine Components\IPT;C:\Program Files\Intel\Intel(R) Management Engine Components\IPT;C:\Program Files\Bandizip\;C:\Users\makabaka\Downloads\mingw64\bin;C:\WINDOWS\System32\OpenSSH\;C:\Program Files (x86)\pcsuite\;C:\Program Files\dotnet\;C:\Program Files (x86)\serialplot\bin;C:\Program Files\MATLAB\R2023b\bin;C:\Program Files (x86)\Windows Kits\8.1\Windows Performance Toolkit\;C:\Program Files\Git\cmd;C:\Users\makabaka\AppData\Local\Programs\Python\Python313\Scripts\;C:\Users\makabaka\AppData\Local\Programs\Python\Python313\;C:\Users\makabaka\AppData\Local\Microsoft\WindowsApps;C:\Users\makabaka\AppData\Local\Programs\Microsoft VS Code\bin;C:\Users\makabaka\AppData\Local\GitHubDesktop\bin;C:\Program Files\JetBrains\PyCharm 2025.1.1.1\bin;;C:\Program Files\JetBrains\CLion 2025.3.1.1\bin;C:\Program Files\STMicroelectronics\STM32Cube\STM32CubeMX\.\jre\\bin
USERNAME=makabaka
OS=Windows_NT
PROCESSOR_IDENTIFIER=Intel64 Family 6 Model 142 Stepping 10, GenuineIntel
TMP=C:\Users\makabaka\AppData\Local\Temp
TEMP=C:\Users\makabaka\AppData\Local\Temp




Periodic native trim disabled

---------------  S Y S T E M  ---------------

OS:
 Windows 10 , 64 bit Build 19041 (10.0.19041.5915)
OS uptime: 0 days 4:36 hours

CPU: total 8 (initial active 8) (4 cores per cpu, 2 threads per core) family 6 model 142 stepping 10 microcode 0xb4, cx8, cmov, fxsr, ht, mmx, 3dnowpref, sse, sse2, sse3, ssse3, sse4.1, sse4.2, popcnt, lzcnt, tsc, tscinvbit, avx, avx2, aes, erms, clmul, bmi1, bmi2, adx, fma, vzeroupper, clflush, clflushopt, rdtscp, f16c
Processor Information for the first 8 processors :
  Max Mhz: 1800, Current Mhz: 1600, Mhz Limit: 1584

Memory: 4k page, system-wide physical 16281M (6701M free)
TotalPageFile size 21398M (AvailPageFile size 2338M)
current process WorkingSet (physical memory assigned to process): 491M, peak: 686M
current process commit charge ("private bytes"): 729M, peak: 731M

vm_info: OpenJDK 64-Bit Server VM (21.0.8+9-LTS) for windows-amd64 JRE (21.0.8+9-LTS), built on 2025-07-15T00:00:00Z by "admin" with MS VC++ 17.7 (VS2022)

END.
